<?xml version="1.0" encoding="UTF-8"?>
<testng-results skipped="0" failed="0" ignored="28" total="44" passed="16">
  <reporter-output>
    <line>
      <![CDATA[Extent Report directory: C:\Users\Zahera\IdeaProjects4\automation-march2017\Costco\target\surefire-reports\html]]>
    </line>
    <line>
      <![CDATA[Epic: Metro AC:1,2 <a https://peoplentch.atlassian.net/browse/GREEN-7> GREEN-7 </a>]]>
    </line>
    <line>
      <![CDATA[Launch local browser Instance]]>
    </line>
    <line>
      <![CDATA[AppliancesPage: appliances Page View]]>
    </line>
    <line>
      <![CDATA[HomePage: go To Appliances Selection]]>
    </line>
    <line>
      <![CDATA[HomePage: click On Selection Menu]]>
    </line>
    <line>
      <![CDATA[HomePage: get Selection Menu Web Element]]>
    </line>
    <line>
      <![CDATA[HomePage: click On Appliance Selection]]>
    </line>
    <line>
      <![CDATA[Epic: Metro AC:1,2 <a https://peoplentch.atlassian.net/browse/GREEN-7> GREEN-7 </a>]]>
    </line>
    <line>
      <![CDATA[Launch local browser Instance]]>
    </line>
    <line>
      <![CDATA[AppliancesPage: appliances Page View]]>
    </line>
    <line>
      <![CDATA[HomePage: go To Appliances Selection]]>
    </line>
    <line>
      <![CDATA[HomePage: click On Selection Menu]]>
    </line>
    <line>
      <![CDATA[HomePage: get Selection Menu Web Element]]>
    </line>
    <line>
      <![CDATA[HomePage: click On Appliance Selection]]>
    </line>
    <line>
      <![CDATA[Epic: Metro AC:1,2 <a https://peoplentch.atlassian.net/browse/GREEN-7> GREEN-7 </a>]]>
    </line>
    <line>
      <![CDATA[Launch local browser Instance]]>
    </line>
    <line>
      <![CDATA[ComputersPage: electronics Page View]]>
    </line>
    <line>
      <![CDATA[HomePage: go To Computers Selection]]>
    </line>
    <line>
      <![CDATA[HomePage: click On Selection Menu]]>
    </line>
    <line>
      <![CDATA[HomePage: get Selection Menu Web Element]]>
    </line>
    <line>
      <![CDATA[HomePage: click On Computers Selection]]>
    </line>
    <line>
      <![CDATA[Epic: Metro AC:1,2 <a https://peoplentch.atlassian.net/browse/GREEN-7> GREEN-7 </a>]]>
    </line>
    <line>
      <![CDATA[Launch local browser Instance]]>
    </line>
    <line>
      <![CDATA[ElectronicsPage: electronics Page View]]>
    </line>
    <line>
      <![CDATA[HomePage: go To Electronics Selection]]>
    </line>
    <line>
      <![CDATA[HomePage: click On Selection Menu]]>
    </line>
    <line>
      <![CDATA[HomePage: get Selection Menu Web Element]]>
    </line>
    <line>
      <![CDATA[HomePage: click On Electronics Selection]]>
    </line>
    <line>
      <![CDATA[Epic: Metro AC:1,2 <a https://peoplentch.atlassian.net/browse/GREEN-7> GREEN-7 </a>]]>
    </line>
    <line>
      <![CDATA[Launch local browser Instance]]>
    </line>
    <line>
      <![CDATA[ElectronicsPage: electronics Page View]]>
    </line>
    <line>
      <![CDATA[HomePage: go To Electronics Selection]]>
    </line>
    <line>
      <![CDATA[HomePage: click On Selection Menu]]>
    </line>
    <line>
      <![CDATA[HomePage: get Selection Menu Web Element]]>
    </line>
    <line>
      <![CDATA[HomePage: click On Electronics Selection]]>
    </line>
    <line>
      <![CDATA[Epic: Metro AC:1,2 <a https://peoplentch.atlassian.net/browse/GREEN-7> GREEN-7 </a>]]>
    </line>
    <line>
      <![CDATA[Launch local browser Instance]]>
    </line>
    <line>
      <![CDATA[FurniturePage: furniture Page View]]>
    </line>
    <line>
      <![CDATA[HomePage: go To Furniture Selection]]>
    </line>
    <line>
      <![CDATA[HomePage: click On Selection Menu]]>
    </line>
    <line>
      <![CDATA[HomePage: get Selection Menu Web Element]]>
    </line>
    <line>
      <![CDATA[HomePage: click On Furniture Selection]]>
    </line>
    <line>
      <![CDATA[Epic: Metro AC:1,2 <a https://peoplentch.atlassian.net/browse/GREEN-7> GREEN-7 </a>]]>
    </line>
    <line>
      <![CDATA[Launch local browser Instance]]>
    </line>
    <line>
      <![CDATA[FurniturePage: furniture Page View]]>
    </line>
    <line>
      <![CDATA[HomePage: go To Furniture Selection]]>
    </line>
    <line>
      <![CDATA[HomePage: click On Selection Menu]]>
    </line>
    <line>
      <![CDATA[HomePage: get Selection Menu Web Element]]>
    </line>
    <line>
      <![CDATA[HomePage: click On Furniture Selection]]>
    </line>
    <line>
      <![CDATA[Epic: Metro AC:1,2 <a https://peoplentch.atlassian.net/browse/GREEN-7> GREEN-7 </a>]]>
    </line>
    <line>
      <![CDATA[Launch local browser Instance]]>
    </line>
    <line>
      <![CDATA[FurniturePage: furniture Page View]]>
    </line>
    <line>
      <![CDATA[HomePage: go To Furniture Selection]]>
    </line>
    <line>
      <![CDATA[HomePage: click On Selection Menu]]>
    </line>
    <line>
      <![CDATA[HomePage: get Selection Menu Web Element]]>
    </line>
    <line>
      <![CDATA[HomePage: click On Furniture Selection]]>
    </line>
    <line>
      <![CDATA[Epic: Metro AC:1,2 <a https://peoplentch.atlassian.net/browse/GREEN-7> GREEN-7 </a>]]>
    </line>
    <line>
      <![CDATA[Launch local browser Instance]]>
    </line>
    <line>
      <![CDATA[AppliancesPage: appliances Page View]]>
    </line>
    <line>
      <![CDATA[HomePage: go To Appliances Selection]]>
    </line>
    <line>
      <![CDATA[HomePage: click On Selection Menu]]>
    </line>
    <line>
      <![CDATA[HomePage: get Selection Menu Web Element]]>
    </line>
    <line>
      <![CDATA[HomePage: click On Appliance Selection]]>
    </line>
    <line>
      <![CDATA[Epic: Metro AC:1,2 <a https://peoplentch.atlassian.net/browse/GREEN-7> GREEN-7 </a>]]>
    </line>
    <line>
      <![CDATA[Launch local browser Instance]]>
    </line>
    <line>
      <![CDATA[AppliancesPage: appliances Page View]]>
    </line>
    <line>
      <![CDATA[HomePage: go To Appliances Selection]]>
    </line>
    <line>
      <![CDATA[HomePage: click On Selection Menu]]>
    </line>
    <line>
      <![CDATA[HomePage: get Selection Menu Web Element]]>
    </line>
    <line>
      <![CDATA[HomePage: click On Appliance Selection]]>
    </line>
    <line>
      <![CDATA[Epic: Metro AC:1,2 <a https://peoplentch.atlassian.net/browse/GREEN-7> GREEN-7 </a>]]>
    </line>
    <line>
      <![CDATA[Launch local browser Instance]]>
    </line>
    <line>
      <![CDATA[ComputersPage: electronics Page View]]>
    </line>
    <line>
      <![CDATA[HomePage: go To Computers Selection]]>
    </line>
    <line>
      <![CDATA[HomePage: click On Selection Menu]]>
    </line>
    <line>
      <![CDATA[HomePage: get Selection Menu Web Element]]>
    </line>
    <line>
      <![CDATA[HomePage: click On Computers Selection]]>
    </line>
    <line>
      <![CDATA[Epic: Metro AC:1,2 <a https://peoplentch.atlassian.net/browse/GREEN-7> GREEN-7 </a>]]>
    </line>
    <line>
      <![CDATA[Launch local browser Instance]]>
    </line>
    <line>
      <![CDATA[ElectronicsPage: electronics Page View]]>
    </line>
    <line>
      <![CDATA[HomePage: go To Electronics Selection]]>
    </line>
    <line>
      <![CDATA[HomePage: click On Selection Menu]]>
    </line>
    <line>
      <![CDATA[HomePage: get Selection Menu Web Element]]>
    </line>
    <line>
      <![CDATA[HomePage: click On Electronics Selection]]>
    </line>
    <line>
      <![CDATA[Epic: Metro AC:1,2 <a https://peoplentch.atlassian.net/browse/GREEN-7> GREEN-7 </a>]]>
    </line>
    <line>
      <![CDATA[Launch local browser Instance]]>
    </line>
    <line>
      <![CDATA[ElectronicsPage: electronics Page View]]>
    </line>
    <line>
      <![CDATA[HomePage: go To Electronics Selection]]>
    </line>
    <line>
      <![CDATA[HomePage: click On Selection Menu]]>
    </line>
    <line>
      <![CDATA[HomePage: get Selection Menu Web Element]]>
    </line>
    <line>
      <![CDATA[HomePage: click On Electronics Selection]]>
    </line>
    <line>
      <![CDATA[Epic: Metro AC:1,2 <a https://peoplentch.atlassian.net/browse/GREEN-7> GREEN-7 </a>]]>
    </line>
    <line>
      <![CDATA[Launch local browser Instance]]>
    </line>
    <line>
      <![CDATA[FurniturePage: furniture Page View]]>
    </line>
    <line>
      <![CDATA[HomePage: go To Furniture Selection]]>
    </line>
    <line>
      <![CDATA[HomePage: click On Selection Menu]]>
    </line>
    <line>
      <![CDATA[HomePage: get Selection Menu Web Element]]>
    </line>
    <line>
      <![CDATA[HomePage: click On Furniture Selection]]>
    </line>
    <line>
      <![CDATA[Epic: Metro AC:1,2 <a https://peoplentch.atlassian.net/browse/GREEN-7> GREEN-7 </a>]]>
    </line>
    <line>
      <![CDATA[Launch local browser Instance]]>
    </line>
    <line>
      <![CDATA[FurniturePage: furniture Page View]]>
    </line>
    <line>
      <![CDATA[HomePage: go To Furniture Selection]]>
    </line>
    <line>
      <![CDATA[HomePage: click On Selection Menu]]>
    </line>
    <line>
      <![CDATA[HomePage: get Selection Menu Web Element]]>
    </line>
    <line>
      <![CDATA[HomePage: click On Furniture Selection]]>
    </line>
    <line>
      <![CDATA[Epic: Metro AC:1,2 <a https://peoplentch.atlassian.net/browse/GREEN-7> GREEN-7 </a>]]>
    </line>
    <line>
      <![CDATA[Launch local browser Instance]]>
    </line>
    <line>
      <![CDATA[FurniturePage: furniture Page View]]>
    </line>
    <line>
      <![CDATA[HomePage: go To Furniture Selection]]>
    </line>
    <line>
      <![CDATA[HomePage: click On Selection Menu]]>
    </line>
    <line>
      <![CDATA[HomePage: get Selection Menu Web Element]]>
    </line>
    <line>
      <![CDATA[HomePage: click On Furniture Selection]]>
    </line>
  </reporter-output>
  <suite name="Amazon" duration-ms="286336" started-at="2017-05-28T05:02:34Z" finished-at="2017-05-28T05:07:21Z">
    <groups>
    </groups>
    <test name="Costco Home" duration-ms="286336" started-at="2017-05-28T05:02:34Z" finished-at="2017-05-28T05:07:21Z">
      <class name="appliances.Appliances">
        <test-method status="PASS" signature="extentSetup(org.testng.ITestContext)[pri:0, instance:appliances.Appliances@3c09711b]" name="extentSetup" is-config="true" duration-ms="0" started-at="2017-05-28T01:02:34Z" finished-at="2017-05-28T01:02:34Z">
          <params>
            <param index="0">
              <value>
                <![CDATA[org.testng.TestRunner@3f200884]]>
              </value>
            </param>
          </params>
          <reporter-output>
          </reporter-output>
        </test-method> <!-- extentSetup -->
        <test-method status="PASS" signature="setUp(boolean, java.lang.String, java.lang.String, java.lang.String, java.lang.String, java.lang.String, java.lang.String)[pri:0, instance:appliances.Appliances@3c09711b]" name="setUp" is-config="true" duration-ms="9184" started-at="2017-05-28T01:02:34Z" finished-at="2017-05-28T01:02:43Z">
          <params>
            <param index="0">
              <value>
                <![CDATA[true]]>
              </value>
            </param>
            <param index="1">
              <value>
                <![CDATA[browserstack]]>
              </value>
            </param>
            <param index="2">
              <value>
                <![CDATA[OS X]]>
              </value>
            </param>
            <param index="3">
              <value>
                <![CDATA[Sierra]]>
              </value>
            </param>
            <param index="4">
              <value>
                <![CDATA[firefox]]>
              </value>
            </param>
            <param index="5">
              <value>
                <![CDATA[53.0]]>
              </value>
            </param>
            <param index="6">
              <value>
                <![CDATA[https://www.costco.com/]]>
              </value>
            </param>
          </params>
          <reporter-output>
          </reporter-output>
        </test-method> <!-- setUp -->
        <test-method status="PASS" signature="appliancesView()[pri:0, instance:appliances.Appliances@3c09711b]" name="appliancesView" duration-ms="6922" started-at="2017-05-28T01:02:43Z" finished-at="2017-05-28T01:02:50Z">
          <reporter-output>
            <line>
              <![CDATA[Epic: Metro AC:1,2 <a https://peoplentch.atlassian.net/browse/GREEN-7> GREEN-7 </a>]]>
            </line>
            <line>
              <![CDATA[Launch local browser Instance]]>
            </line>
            <line>
              <![CDATA[AppliancesPage: appliances Page View]]>
            </line>
            <line>
              <![CDATA[HomePage: go To Appliances Selection]]>
            </line>
            <line>
              <![CDATA[HomePage: click On Selection Menu]]>
            </line>
            <line>
              <![CDATA[HomePage: get Selection Menu Web Element]]>
            </line>
            <line>
              <![CDATA[HomePage: click On Appliance Selection]]>
            </line>
          </reporter-output>
        </test-method> <!-- appliancesView -->
        <test-method status="PASS" signature="startExtent(java.lang.reflect.Method)[pri:0, instance:appliances.Appliances@3c09711b]" name="startExtent" is-config="true" duration-ms="0" started-at="2017-05-28T01:02:43Z" finished-at="2017-05-28T01:02:43Z">
          <params>
            <param index="0">
              <value>
                <![CDATA[public void appliances.Appliances.appliancesView()]]>
              </value>
            </param>
          </params>
          <reporter-output>
          </reporter-output>
        </test-method> <!-- startExtent -->
        <test-method status="PASS" signature="afterEachTestMethod(org.testng.ITestResult)[pri:0, instance:appliances.Appliances@3c09711b]" name="afterEachTestMethod" is-config="true" duration-ms="12699" started-at="2017-05-28T01:02:50Z" finished-at="2017-05-28T01:03:03Z">
          <params>
            <param index="0">
              <value>
                <![CDATA[[TestResult name=appliancesView status=SUCCESS method=Appliances.appliancesView()[pri:0, instance:appliances.Appliances@3c09711b] output=Epic: Metro AC:1,2 <a https://peoplentch.atlassian.net/browse/GREEN-7> GREEN-7 </a>]]]>
              </value>
            </param>
          </params>
          <reporter-output>
          </reporter-output>
        </test-method> <!-- afterEachTestMethod -->
        <test-method status="PASS" signature="cleanUp()[pri:0, instance:appliances.Appliances@3c09711b]" name="cleanUp" is-config="true" duration-ms="0" started-at="2017-05-28T01:03:03Z" finished-at="2017-05-28T01:03:03Z">
          <reporter-output>
          </reporter-output>
        </test-method> <!-- cleanUp -->
        <test-method status="PASS" signature="generateReport()[pri:0, instance:appliances.Appliances@3c09711b]" name="generateReport" is-config="true" duration-ms="1" started-at="2017-05-28T01:07:21Z" finished-at="2017-05-28T01:07:21Z">
          <reporter-output>
          </reporter-output>
        </test-method> <!-- generateReport -->
      </class> <!-- appliances.Appliances -->
      <class name="electronics.Electronics">
        <test-method status="PASS" signature="setUp(boolean, java.lang.String, java.lang.String, java.lang.String, java.lang.String, java.lang.String, java.lang.String)[pri:0, instance:electronics.Electronics@4590c9c3]" name="setUp" is-config="true" duration-ms="11480" started-at="2017-05-28T01:04:01Z" finished-at="2017-05-28T01:04:12Z">
          <params>
            <param index="0">
              <value>
                <![CDATA[true]]>
              </value>
            </param>
            <param index="1">
              <value>
                <![CDATA[browserstack]]>
              </value>
            </param>
            <param index="2">
              <value>
                <![CDATA[OS X]]>
              </value>
            </param>
            <param index="3">
              <value>
                <![CDATA[Sierra]]>
              </value>
            </param>
            <param index="4">
              <value>
                <![CDATA[firefox]]>
              </value>
            </param>
            <param index="5">
              <value>
                <![CDATA[53.0]]>
              </value>
            </param>
            <param index="6">
              <value>
                <![CDATA[https://www.costco.com/]]>
              </value>
            </param>
          </params>
          <reporter-output>
          </reporter-output>
        </test-method> <!-- setUp -->
        <test-method status="PASS" signature="startExtent(java.lang.reflect.Method)[pri:0, instance:electronics.Electronics@4590c9c3]" name="startExtent" is-config="true" duration-ms="0" started-at="2017-05-28T01:04:12Z" finished-at="2017-05-28T01:04:12Z">
          <params>
            <param index="0">
              <value>
                <![CDATA[public void electronics.Electronics.electronicsView()]]>
              </value>
            </param>
          </params>
          <reporter-output>
          </reporter-output>
        </test-method> <!-- startExtent -->
        <test-method status="PASS" signature="electronicsView()[pri:0, instance:electronics.Electronics@4590c9c3]" name="electronicsView" duration-ms="6783" started-at="2017-05-28T01:04:12Z" finished-at="2017-05-28T01:04:19Z">
          <reporter-output>
            <line>
              <![CDATA[Epic: Metro AC:1,2 <a https://peoplentch.atlassian.net/browse/GREEN-7> GREEN-7 </a>]]>
            </line>
            <line>
              <![CDATA[Launch local browser Instance]]>
            </line>
            <line>
              <![CDATA[ElectronicsPage: electronics Page View]]>
            </line>
            <line>
              <![CDATA[HomePage: go To Electronics Selection]]>
            </line>
            <line>
              <![CDATA[HomePage: click On Selection Menu]]>
            </line>
            <line>
              <![CDATA[HomePage: get Selection Menu Web Element]]>
            </line>
            <line>
              <![CDATA[HomePage: click On Electronics Selection]]>
            </line>
          </reporter-output>
        </test-method> <!-- electronicsView -->
        <test-method status="PASS" signature="afterEachTestMethod(org.testng.ITestResult)[pri:0, instance:electronics.Electronics@4590c9c3]" name="afterEachTestMethod" is-config="true" duration-ms="12737" started-at="2017-05-28T01:04:19Z" finished-at="2017-05-28T01:04:32Z">
          <params>
            <param index="0">
              <value>
                <![CDATA[[TestResult name=electronicsView status=SUCCESS method=Electronics.electronicsView()[pri:0, instance:electronics.Electronics@4590c9c3] output=Epic: Metro AC:1,2 <a https://peoplentch.atlassian.net/browse/GREEN-7> GREEN-7 </a>]]]>
              </value>
            </param>
          </params>
          <reporter-output>
          </reporter-output>
        </test-method> <!-- afterEachTestMethod -->
        <test-method status="PASS" signature="cleanUp()[pri:0, instance:electronics.Electronics@4590c9c3]" name="cleanUp" is-config="true" duration-ms="0" started-at="2017-05-28T01:04:32Z" finished-at="2017-05-28T01:04:32Z">
          <reporter-output>
          </reporter-output>
        </test-method> <!-- cleanUp -->
      </class> <!-- electronics.Electronics -->
      <class name="furniture.Furniture_LivingRoom">
        <test-method status="PASS" signature="setUp(boolean, java.lang.String, java.lang.String, java.lang.String, java.lang.String, java.lang.String, java.lang.String)[pri:0, instance:furniture.Furniture_LivingRoom@2669b199]" name="setUp" is-config="true" duration-ms="6974" started-at="2017-05-28T01:06:58Z" finished-at="2017-05-28T01:07:05Z">
          <params>
            <param index="0">
              <value>
                <![CDATA[true]]>
              </value>
            </param>
            <param index="1">
              <value>
                <![CDATA[browserstack]]>
              </value>
            </param>
            <param index="2">
              <value>
                <![CDATA[OS X]]>
              </value>
            </param>
            <param index="3">
              <value>
                <![CDATA[Sierra]]>
              </value>
            </param>
            <param index="4">
              <value>
                <![CDATA[firefox]]>
              </value>
            </param>
            <param index="5">
              <value>
                <![CDATA[53.0]]>
              </value>
            </param>
            <param index="6">
              <value>
                <![CDATA[https://www.costco.com/]]>
              </value>
            </param>
          </params>
          <reporter-output>
          </reporter-output>
        </test-method> <!-- setUp -->
        <test-method status="PASS" signature="startExtent(java.lang.reflect.Method)[pri:0, instance:furniture.Furniture_LivingRoom@2669b199]" name="startExtent" is-config="true" duration-ms="1" started-at="2017-05-28T01:07:05Z" finished-at="2017-05-28T01:07:05Z">
          <params>
            <param index="0">
              <value>
                <![CDATA[public void furniture.Furniture_LivingRoom.LivingRoom()]]>
              </value>
            </param>
          </params>
          <reporter-output>
          </reporter-output>
        </test-method> <!-- startExtent -->
        <test-method status="PASS" signature="LivingRoom()[pri:0, instance:furniture.Furniture_LivingRoom@2669b199]" name="LivingRoom" duration-ms="5497" started-at="2017-05-28T01:07:05Z" finished-at="2017-05-28T01:07:11Z">
          <reporter-output>
            <line>
              <![CDATA[Epic: Metro AC:1,2 <a https://peoplentch.atlassian.net/browse/GREEN-7> GREEN-7 </a>]]>
            </line>
            <line>
              <![CDATA[Launch local browser Instance]]>
            </line>
            <line>
              <![CDATA[FurniturePage: furniture Page View]]>
            </line>
            <line>
              <![CDATA[HomePage: go To Furniture Selection]]>
            </line>
            <line>
              <![CDATA[HomePage: click On Selection Menu]]>
            </line>
            <line>
              <![CDATA[HomePage: get Selection Menu Web Element]]>
            </line>
            <line>
              <![CDATA[HomePage: click On Furniture Selection]]>
            </line>
          </reporter-output>
        </test-method> <!-- LivingRoom -->
        <test-method status="PASS" signature="afterEachTestMethod(org.testng.ITestResult)[pri:0, instance:furniture.Furniture_LivingRoom@2669b199]" name="afterEachTestMethod" is-config="true" duration-ms="9915" started-at="2017-05-28T01:07:11Z" finished-at="2017-05-28T01:07:21Z">
          <params>
            <param index="0">
              <value>
                <![CDATA[[TestResult name=LivingRoom status=SUCCESS method=Furniture_LivingRoom.LivingRoom()[pri:0, instance:furniture.Furniture_LivingRoom@2669b199] output=Epic: Metro AC:1,2 <a https://peoplentch.atlassian.net/browse/GREEN-7> GREEN-7 </a>]]]>
              </value>
            </param>
          </params>
          <reporter-output>
          </reporter-output>
        </test-method> <!-- afterEachTestMethod -->
        <test-method status="PASS" signature="cleanUp()[pri:0, instance:furniture.Furniture_LivingRoom@2669b199]" name="cleanUp" is-config="true" duration-ms="1" started-at="2017-05-28T01:07:21Z" finished-at="2017-05-28T01:07:21Z">
          <reporter-output>
          </reporter-output>
        </test-method> <!-- cleanUp -->
      </class> <!-- furniture.Furniture_LivingRoom -->
      <class name="furniture.Furniture">
        <test-method status="PASS" signature="setUp(boolean, java.lang.String, java.lang.String, java.lang.String, java.lang.String, java.lang.String, java.lang.String)[pri:0, instance:furniture.Furniture@5056dfcb]" name="setUp" is-config="true" duration-ms="6912" started-at="2017-05-28T01:04:57Z" finished-at="2017-05-28T01:05:04Z">
          <params>
            <param index="0">
              <value>
                <![CDATA[true]]>
              </value>
            </param>
            <param index="1">
              <value>
                <![CDATA[browserstack]]>
              </value>
            </param>
            <param index="2">
              <value>
                <![CDATA[OS X]]>
              </value>
            </param>
            <param index="3">
              <value>
                <![CDATA[Sierra]]>
              </value>
            </param>
            <param index="4">
              <value>
                <![CDATA[firefox]]>
              </value>
            </param>
            <param index="5">
              <value>
                <![CDATA[53.0]]>
              </value>
            </param>
            <param index="6">
              <value>
                <![CDATA[https://www.costco.com/]]>
              </value>
            </param>
          </params>
          <reporter-output>
          </reporter-output>
        </test-method> <!-- setUp -->
        <test-method status="PASS" signature="startExtent(java.lang.reflect.Method)[pri:0, instance:furniture.Furniture@5056dfcb]" name="startExtent" is-config="true" duration-ms="0" started-at="2017-05-28T01:05:04Z" finished-at="2017-05-28T01:05:04Z">
          <params>
            <param index="0">
              <value>
                <![CDATA[public void furniture.Furniture.furnitureView()]]>
              </value>
            </param>
          </params>
          <reporter-output>
          </reporter-output>
        </test-method> <!-- startExtent -->
        <test-method status="PASS" signature="furnitureView()[pri:0, instance:furniture.Furniture@5056dfcb]" name="furnitureView" duration-ms="4475" started-at="2017-05-28T01:05:04Z" finished-at="2017-05-28T01:05:09Z">
          <reporter-output>
            <line>
              <![CDATA[Epic: Metro AC:1,2 <a https://peoplentch.atlassian.net/browse/GREEN-7> GREEN-7 </a>]]>
            </line>
            <line>
              <![CDATA[Launch local browser Instance]]>
            </line>
            <line>
              <![CDATA[FurniturePage: furniture Page View]]>
            </line>
            <line>
              <![CDATA[HomePage: go To Furniture Selection]]>
            </line>
            <line>
              <![CDATA[HomePage: click On Selection Menu]]>
            </line>
            <line>
              <![CDATA[HomePage: get Selection Menu Web Element]]>
            </line>
            <line>
              <![CDATA[HomePage: click On Furniture Selection]]>
            </line>
          </reporter-output>
        </test-method> <!-- furnitureView -->
        <test-method status="PASS" signature="afterEachTestMethod(org.testng.ITestResult)[pri:0, instance:furniture.Furniture@5056dfcb]" name="afterEachTestMethod" is-config="true" duration-ms="11560" started-at="2017-05-28T01:05:09Z" finished-at="2017-05-28T01:05:20Z">
          <params>
            <param index="0">
              <value>
                <![CDATA[[TestResult name=furnitureView status=SUCCESS method=Furniture.furnitureView()[pri:0, instance:furniture.Furniture@5056dfcb] output=Epic: Metro AC:1,2 <a https://peoplentch.atlassian.net/browse/GREEN-7> GREEN-7 </a>]]]>
              </value>
            </param>
          </params>
          <reporter-output>
          </reporter-output>
        </test-method> <!-- afterEachTestMethod -->
        <test-method status="PASS" signature="cleanUp()[pri:0, instance:furniture.Furniture@5056dfcb]" name="cleanUp" is-config="true" duration-ms="0" started-at="2017-05-28T01:05:20Z" finished-at="2017-05-28T01:05:20Z">
          <reporter-output>
          </reporter-output>
        </test-method> <!-- cleanUp -->
      </class> <!-- furniture.Furniture -->
      <class name="electronics.Electronics_Cameras">
        <test-method status="PASS" signature="setUp(boolean, java.lang.String, java.lang.String, java.lang.String, java.lang.String, java.lang.String, java.lang.String)[pri:0, instance:electronics.Electronics_Cameras@32e6e9c3]" name="setUp" is-config="true" duration-ms="7357" started-at="2017-05-28T01:04:32Z" finished-at="2017-05-28T01:04:39Z">
          <params>
            <param index="0">
              <value>
                <![CDATA[true]]>
              </value>
            </param>
            <param index="1">
              <value>
                <![CDATA[browserstack]]>
              </value>
            </param>
            <param index="2">
              <value>
                <![CDATA[OS X]]>
              </value>
            </param>
            <param index="3">
              <value>
                <![CDATA[Sierra]]>
              </value>
            </param>
            <param index="4">
              <value>
                <![CDATA[firefox]]>
              </value>
            </param>
            <param index="5">
              <value>
                <![CDATA[53.0]]>
              </value>
            </param>
            <param index="6">
              <value>
                <![CDATA[https://www.costco.com/]]>
              </value>
            </param>
          </params>
          <reporter-output>
          </reporter-output>
        </test-method> <!-- setUp -->
        <test-method status="PASS" signature="Cameras()[pri:0, instance:electronics.Electronics_Cameras@32e6e9c3]" name="Cameras" duration-ms="3335" started-at="2017-05-28T01:04:39Z" finished-at="2017-05-28T01:04:43Z">
          <reporter-output>
            <line>
              <![CDATA[Epic: Metro AC:1,2 <a https://peoplentch.atlassian.net/browse/GREEN-7> GREEN-7 </a>]]>
            </line>
            <line>
              <![CDATA[Launch local browser Instance]]>
            </line>
            <line>
              <![CDATA[ElectronicsPage: electronics Page View]]>
            </line>
            <line>
              <![CDATA[HomePage: go To Electronics Selection]]>
            </line>
            <line>
              <![CDATA[HomePage: click On Selection Menu]]>
            </line>
            <line>
              <![CDATA[HomePage: get Selection Menu Web Element]]>
            </line>
            <line>
              <![CDATA[HomePage: click On Electronics Selection]]>
            </line>
          </reporter-output>
        </test-method> <!-- Cameras -->
        <test-method status="PASS" signature="startExtent(java.lang.reflect.Method)[pri:0, instance:electronics.Electronics_Cameras@32e6e9c3]" name="startExtent" is-config="true" duration-ms="0" started-at="2017-05-28T01:04:39Z" finished-at="2017-05-28T01:04:39Z">
          <params>
            <param index="0">
              <value>
                <![CDATA[public void electronics.Electronics_Cameras.Cameras()]]>
              </value>
            </param>
          </params>
          <reporter-output>
          </reporter-output>
        </test-method> <!-- startExtent -->
        <test-method status="PASS" signature="afterEachTestMethod(org.testng.ITestResult)[pri:0, instance:electronics.Electronics_Cameras@32e6e9c3]" name="afterEachTestMethod" is-config="true" duration-ms="14668" started-at="2017-05-28T01:04:43Z" finished-at="2017-05-28T01:04:57Z">
          <params>
            <param index="0">
              <value>
                <![CDATA[[TestResult name=Cameras status=SUCCESS method=Electronics_Cameras.Cameras()[pri:0, instance:electronics.Electronics_Cameras@32e6e9c3] output=Epic: Metro AC:1,2 <a https://peoplentch.atlassian.net/browse/GREEN-7> GREEN-7 </a>]]]>
              </value>
            </param>
          </params>
          <reporter-output>
          </reporter-output>
        </test-method> <!-- afterEachTestMethod -->
        <test-method status="PASS" signature="cleanUp()[pri:0, instance:electronics.Electronics_Cameras@32e6e9c3]" name="cleanUp" is-config="true" duration-ms="0" started-at="2017-05-28T01:04:57Z" finished-at="2017-05-28T01:04:57Z">
          <reporter-output>
          </reporter-output>
        </test-method> <!-- cleanUp -->
      </class> <!-- electronics.Electronics_Cameras -->
      <class name="furniture.Furniture_DiningRoom">
        <test-method status="PASS" signature="setUp(boolean, java.lang.String, java.lang.String, java.lang.String, java.lang.String, java.lang.String, java.lang.String)[pri:0, instance:furniture.Furniture_DiningRoom@6574b225]" name="setUp" is-config="true" duration-ms="80394" started-at="2017-05-28T01:05:20Z" finished-at="2017-05-28T01:06:41Z">
          <params>
            <param index="0">
              <value>
                <![CDATA[true]]>
              </value>
            </param>
            <param index="1">
              <value>
                <![CDATA[browserstack]]>
              </value>
            </param>
            <param index="2">
              <value>
                <![CDATA[OS X]]>
              </value>
            </param>
            <param index="3">
              <value>
                <![CDATA[Sierra]]>
              </value>
            </param>
            <param index="4">
              <value>
                <![CDATA[firefox]]>
              </value>
            </param>
            <param index="5">
              <value>
                <![CDATA[53.0]]>
              </value>
            </param>
            <param index="6">
              <value>
                <![CDATA[https://www.costco.com/]]>
              </value>
            </param>
          </params>
          <reporter-output>
          </reporter-output>
        </test-method> <!-- setUp -->
        <test-method status="PASS" signature="startExtent(java.lang.reflect.Method)[pri:0, instance:furniture.Furniture_DiningRoom@6574b225]" name="startExtent" is-config="true" duration-ms="0" started-at="2017-05-28T01:06:41Z" finished-at="2017-05-28T01:06:41Z">
          <params>
            <param index="0">
              <value>
                <![CDATA[public void furniture.Furniture_DiningRoom.DiningRoom()]]>
              </value>
            </param>
          </params>
          <reporter-output>
          </reporter-output>
        </test-method> <!-- startExtent -->
        <test-method status="PASS" signature="DiningRoom()[pri:0, instance:furniture.Furniture_DiningRoom@6574b225]" name="DiningRoom" duration-ms="3465" started-at="2017-05-28T01:06:41Z" finished-at="2017-05-28T01:06:44Z">
          <reporter-output>
            <line>
              <![CDATA[Epic: Metro AC:1,2 <a https://peoplentch.atlassian.net/browse/GREEN-7> GREEN-7 </a>]]>
            </line>
            <line>
              <![CDATA[Launch local browser Instance]]>
            </line>
            <line>
              <![CDATA[FurniturePage: furniture Page View]]>
            </line>
            <line>
              <![CDATA[HomePage: go To Furniture Selection]]>
            </line>
            <line>
              <![CDATA[HomePage: click On Selection Menu]]>
            </line>
            <line>
              <![CDATA[HomePage: get Selection Menu Web Element]]>
            </line>
            <line>
              <![CDATA[HomePage: click On Furniture Selection]]>
            </line>
          </reporter-output>
        </test-method> <!-- DiningRoom -->
        <test-method status="PASS" signature="afterEachTestMethod(org.testng.ITestResult)[pri:0, instance:furniture.Furniture_DiningRoom@6574b225]" name="afterEachTestMethod" is-config="true" duration-ms="14032" started-at="2017-05-28T01:06:44Z" finished-at="2017-05-28T01:06:58Z">
          <params>
            <param index="0">
              <value>
                <![CDATA[[TestResult name=DiningRoom status=SUCCESS method=Furniture_DiningRoom.DiningRoom()[pri:0, instance:furniture.Furniture_DiningRoom@6574b225] output=Epic: Metro AC:1,2 <a https://peoplentch.atlassian.net/browse/GREEN-7> GREEN-7 </a>]]]>
              </value>
            </param>
          </params>
          <reporter-output>
          </reporter-output>
        </test-method> <!-- afterEachTestMethod -->
        <test-method status="PASS" signature="cleanUp()[pri:0, instance:furniture.Furniture_DiningRoom@6574b225]" name="cleanUp" is-config="true" duration-ms="0" started-at="2017-05-28T01:06:58Z" finished-at="2017-05-28T01:06:58Z">
          <reporter-output>
          </reporter-output>
        </test-method> <!-- cleanUp -->
      </class> <!-- furniture.Furniture_DiningRoom -->
      <class name="computers.Computers_Printers">
        <test-method status="PASS" signature="setUp(boolean, java.lang.String, java.lang.String, java.lang.String, java.lang.String, java.lang.String, java.lang.String)[pri:0, instance:computers.Computers_Printers@b97c004]" name="setUp" is-config="true" duration-ms="7104" started-at="2017-05-28T01:03:39Z" finished-at="2017-05-28T01:03:46Z">
          <params>
            <param index="0">
              <value>
                <![CDATA[true]]>
              </value>
            </param>
            <param index="1">
              <value>
                <![CDATA[browserstack]]>
              </value>
            </param>
            <param index="2">
              <value>
                <![CDATA[OS X]]>
              </value>
            </param>
            <param index="3">
              <value>
                <![CDATA[Sierra]]>
              </value>
            </param>
            <param index="4">
              <value>
                <![CDATA[firefox]]>
              </value>
            </param>
            <param index="5">
              <value>
                <![CDATA[53.0]]>
              </value>
            </param>
            <param index="6">
              <value>
                <![CDATA[https://www.costco.com/]]>
              </value>
            </param>
          </params>
          <reporter-output>
          </reporter-output>
        </test-method> <!-- setUp -->
        <test-method status="PASS" signature="startExtent(java.lang.reflect.Method)[pri:0, instance:computers.Computers_Printers@b97c004]" name="startExtent" is-config="true" duration-ms="0" started-at="2017-05-28T01:03:46Z" finished-at="2017-05-28T01:03:46Z">
          <params>
            <param index="0">
              <value>
                <![CDATA[public void computers.Computers_Printers.Printers()]]>
              </value>
            </param>
          </params>
          <reporter-output>
          </reporter-output>
        </test-method> <!-- startExtent -->
        <test-method status="PASS" signature="Printers()[pri:0, instance:computers.Computers_Printers@b97c004]" name="Printers" duration-ms="3780" started-at="2017-05-28T01:03:46Z" finished-at="2017-05-28T01:03:50Z">
          <reporter-output>
            <line>
              <![CDATA[Epic: Metro AC:1,2 <a https://peoplentch.atlassian.net/browse/GREEN-7> GREEN-7 </a>]]>
            </line>
            <line>
              <![CDATA[Launch local browser Instance]]>
            </line>
            <line>
              <![CDATA[ComputersPage: electronics Page View]]>
            </line>
            <line>
              <![CDATA[HomePage: go To Computers Selection]]>
            </line>
            <line>
              <![CDATA[HomePage: click On Selection Menu]]>
            </line>
            <line>
              <![CDATA[HomePage: get Selection Menu Web Element]]>
            </line>
            <line>
              <![CDATA[HomePage: click On Computers Selection]]>
            </line>
          </reporter-output>
        </test-method> <!-- Printers -->
        <test-method status="PASS" signature="afterEachTestMethod(org.testng.ITestResult)[pri:0, instance:computers.Computers_Printers@b97c004]" name="afterEachTestMethod" is-config="true" duration-ms="10692" started-at="2017-05-28T01:03:50Z" finished-at="2017-05-28T01:04:01Z">
          <params>
            <param index="0">
              <value>
                <![CDATA[[TestResult name=Printers status=SUCCESS method=Computers_Printers.Printers()[pri:0, instance:computers.Computers_Printers@b97c004] output=Epic: Metro AC:1,2 <a https://peoplentch.atlassian.net/browse/GREEN-7> GREEN-7 </a>]]]>
              </value>
            </param>
          </params>
          <reporter-output>
          </reporter-output>
        </test-method> <!-- afterEachTestMethod -->
        <test-method status="PASS" signature="cleanUp()[pri:0, instance:computers.Computers_Printers@b97c004]" name="cleanUp" is-config="true" duration-ms="1" started-at="2017-05-28T01:04:01Z" finished-at="2017-05-28T01:04:01Z">
          <reporter-output>
          </reporter-output>
        </test-method> <!-- cleanUp -->
      </class> <!-- computers.Computers_Printers -->
      <class name="appliances.Appliances_Washers">
        <test-method status="PASS" signature="setUp(boolean, java.lang.String, java.lang.String, java.lang.String, java.lang.String, java.lang.String, java.lang.String)[pri:0, instance:appliances.Appliances_Washers@5cc7c2a6]" name="setUp" is-config="true" duration-ms="10593" started-at="2017-05-28T01:03:03Z" finished-at="2017-05-28T01:03:14Z">
          <params>
            <param index="0">
              <value>
                <![CDATA[true]]>
              </value>
            </param>
            <param index="1">
              <value>
                <![CDATA[browserstack]]>
              </value>
            </param>
            <param index="2">
              <value>
                <![CDATA[OS X]]>
              </value>
            </param>
            <param index="3">
              <value>
                <![CDATA[Sierra]]>
              </value>
            </param>
            <param index="4">
              <value>
                <![CDATA[firefox]]>
              </value>
            </param>
            <param index="5">
              <value>
                <![CDATA[53.0]]>
              </value>
            </param>
            <param index="6">
              <value>
                <![CDATA[https://www.costco.com/]]>
              </value>
            </param>
          </params>
          <reporter-output>
          </reporter-output>
        </test-method> <!-- setUp -->
        <test-method status="PASS" signature="startExtent(java.lang.reflect.Method)[pri:0, instance:appliances.Appliances_Washers@5cc7c2a6]" name="startExtent" is-config="true" duration-ms="0" started-at="2017-05-28T01:03:14Z" finished-at="2017-05-28T01:03:14Z">
          <params>
            <param index="0">
              <value>
                <![CDATA[public void appliances.Appliances_Washers.Washers()]]>
              </value>
            </param>
          </params>
          <reporter-output>
          </reporter-output>
        </test-method> <!-- startExtent -->
        <test-method status="PASS" signature="Washers()[pri:0, instance:appliances.Appliances_Washers@5cc7c2a6]" name="Washers" duration-ms="9242" started-at="2017-05-28T01:03:14Z" finished-at="2017-05-28T01:03:23Z">
          <reporter-output>
            <line>
              <![CDATA[Epic: Metro AC:1,2 <a https://peoplentch.atlassian.net/browse/GREEN-7> GREEN-7 </a>]]>
            </line>
            <line>
              <![CDATA[Launch local browser Instance]]>
            </line>
            <line>
              <![CDATA[AppliancesPage: appliances Page View]]>
            </line>
            <line>
              <![CDATA[HomePage: go To Appliances Selection]]>
            </line>
            <line>
              <![CDATA[HomePage: click On Selection Menu]]>
            </line>
            <line>
              <![CDATA[HomePage: get Selection Menu Web Element]]>
            </line>
            <line>
              <![CDATA[HomePage: click On Appliance Selection]]>
            </line>
          </reporter-output>
        </test-method> <!-- Washers -->
        <test-method status="PASS" signature="afterEachTestMethod(org.testng.ITestResult)[pri:0, instance:appliances.Appliances_Washers@5cc7c2a6]" name="afterEachTestMethod" is-config="true" duration-ms="16529" started-at="2017-05-28T01:03:23Z" finished-at="2017-05-28T01:03:39Z">
          <params>
            <param index="0">
              <value>
                <![CDATA[[TestResult name=Washers status=SUCCESS method=Appliances_Washers.Washers()[pri:0, instance:appliances.Appliances_Washers@5cc7c2a6] output=Epic: Metro AC:1,2 <a https://peoplentch.atlassian.net/browse/GREEN-7> GREEN-7 </a>]]]>
              </value>
            </param>
          </params>
          <reporter-output>
          </reporter-output>
        </test-method> <!-- afterEachTestMethod -->
        <test-method status="PASS" signature="cleanUp()[pri:0, instance:appliances.Appliances_Washers@5cc7c2a6]" name="cleanUp" is-config="true" duration-ms="0" started-at="2017-05-28T01:03:39Z" finished-at="2017-05-28T01:03:39Z">
          <reporter-output>
          </reporter-output>
        </test-method> <!-- cleanUp -->
      </class> <!-- appliances.Appliances_Washers -->
    </test> <!-- Costco Home -->
  </suite> <!-- Amazon -->
  <suite name="Costco" duration-ms="194123" started-at="2017-05-28T04:59:20Z" finished-at="2017-05-28T05:02:34Z">
    <groups>
    </groups>
    <test name="Costco Home" duration-ms="194123" started-at="2017-05-28T04:59:20Z" finished-at="2017-05-28T05:02:34Z">
      <class name="appliances.Appliances">
        <test-method status="PASS" signature="extentSetup(org.testng.ITestContext)[pri:0, instance:appliances.Appliances@366e2eef]" name="extentSetup" is-config="true" duration-ms="298" started-at="2017-05-28T00:59:20Z" finished-at="2017-05-28T00:59:20Z">
          <params>
            <param index="0">
              <value>
                <![CDATA[org.testng.TestRunner@4d339552]]>
              </value>
            </param>
          </params>
          <reporter-output>
            <line>
              <![CDATA[Extent Report directory: C:\Users\Zahera\IdeaProjects4\automation-march2017\Costco\target\surefire-reports\html]]>
            </line>
          </reporter-output>
        </test-method> <!-- extentSetup -->
        <test-method status="PASS" signature="setUp(boolean, java.lang.String, java.lang.String, java.lang.String, java.lang.String, java.lang.String, java.lang.String)[pri:0, instance:appliances.Appliances@366e2eef]" name="setUp" is-config="true" duration-ms="14562" started-at="2017-05-28T00:59:20Z" finished-at="2017-05-28T00:59:35Z">
          <params>
            <param index="0">
              <value>
                <![CDATA[true]]>
              </value>
            </param>
            <param index="1">
              <value>
                <![CDATA[browserstack]]>
              </value>
            </param>
            <param index="2">
              <value>
                <![CDATA[Windows]]>
              </value>
            </param>
            <param index="3">
              <value>
                <![CDATA[10]]>
              </value>
            </param>
            <param index="4">
              <value>
                <![CDATA[firefox]]>
              </value>
            </param>
            <param index="5">
              <value>
                <![CDATA[53.0]]>
              </value>
            </param>
            <param index="6">
              <value>
                <![CDATA[https://www.costco.com/]]>
              </value>
            </param>
          </params>
          <reporter-output>
          </reporter-output>
        </test-method> <!-- setUp -->
        <test-method status="PASS" signature="startExtent(java.lang.reflect.Method)[pri:0, instance:appliances.Appliances@366e2eef]" name="startExtent" is-config="true" duration-ms="4" started-at="2017-05-28T00:59:35Z" finished-at="2017-05-28T00:59:35Z">
          <params>
            <param index="0">
              <value>
                <![CDATA[public void appliances.Appliances.appliancesView()]]>
              </value>
            </param>
          </params>
          <reporter-output>
          </reporter-output>
        </test-method> <!-- startExtent -->
        <test-method status="PASS" signature="appliancesView()[pri:0, instance:appliances.Appliances@366e2eef]" name="appliancesView" duration-ms="5720" started-at="2017-05-28T00:59:35Z" finished-at="2017-05-28T00:59:40Z">
          <reporter-output>
            <line>
              <![CDATA[Epic: Metro AC:1,2 <a https://peoplentch.atlassian.net/browse/GREEN-7> GREEN-7 </a>]]>
            </line>
            <line>
              <![CDATA[Launch local browser Instance]]>
            </line>
            <line>
              <![CDATA[AppliancesPage: appliances Page View]]>
            </line>
            <line>
              <![CDATA[HomePage: go To Appliances Selection]]>
            </line>
            <line>
              <![CDATA[HomePage: click On Selection Menu]]>
            </line>
            <line>
              <![CDATA[HomePage: get Selection Menu Web Element]]>
            </line>
            <line>
              <![CDATA[HomePage: click On Appliance Selection]]>
            </line>
          </reporter-output>
        </test-method> <!-- appliancesView -->
        <test-method status="PASS" signature="afterEachTestMethod(org.testng.ITestResult)[pri:0, instance:appliances.Appliances@366e2eef]" name="afterEachTestMethod" is-config="true" duration-ms="5561" started-at="2017-05-28T00:59:40Z" finished-at="2017-05-28T00:59:46Z">
          <params>
            <param index="0">
              <value>
                <![CDATA[[TestResult name=appliancesView status=SUCCESS method=Appliances.appliancesView()[pri:0, instance:appliances.Appliances@366e2eef] output=Epic: Metro AC:1,2 <a https://peoplentch.atlassian.net/browse/GREEN-7> GREEN-7 </a>]]]>
              </value>
            </param>
          </params>
          <reporter-output>
          </reporter-output>
        </test-method> <!-- afterEachTestMethod -->
        <test-method status="PASS" signature="cleanUp()[pri:0, instance:appliances.Appliances@366e2eef]" name="cleanUp" is-config="true" duration-ms="1" started-at="2017-05-28T00:59:46Z" finished-at="2017-05-28T00:59:46Z">
          <reporter-output>
          </reporter-output>
        </test-method> <!-- cleanUp -->
        <test-method status="PASS" signature="generateReport()[pri:0, instance:appliances.Appliances@366e2eef]" name="generateReport" is-config="true" duration-ms="39" started-at="2017-05-28T01:02:34Z" finished-at="2017-05-28T01:02:34Z">
          <reporter-output>
          </reporter-output>
        </test-method> <!-- generateReport -->
      </class> <!-- appliances.Appliances -->
      <class name="furniture.Furniture_LivingRoom">
        <test-method status="PASS" signature="setUp(boolean, java.lang.String, java.lang.String, java.lang.String, java.lang.String, java.lang.String, java.lang.String)[pri:0, instance:furniture.Furniture_LivingRoom@5a61f5df]" name="setUp" is-config="true" duration-ms="16757" started-at="2017-05-28T01:02:03Z" finished-at="2017-05-28T01:02:20Z">
          <params>
            <param index="0">
              <value>
                <![CDATA[true]]>
              </value>
            </param>
            <param index="1">
              <value>
                <![CDATA[browserstack]]>
              </value>
            </param>
            <param index="2">
              <value>
                <![CDATA[Windows]]>
              </value>
            </param>
            <param index="3">
              <value>
                <![CDATA[10]]>
              </value>
            </param>
            <param index="4">
              <value>
                <![CDATA[firefox]]>
              </value>
            </param>
            <param index="5">
              <value>
                <![CDATA[53.0]]>
              </value>
            </param>
            <param index="6">
              <value>
                <![CDATA[https://www.costco.com/]]>
              </value>
            </param>
          </params>
          <reporter-output>
          </reporter-output>
        </test-method> <!-- setUp -->
        <test-method status="PASS" signature="startExtent(java.lang.reflect.Method)[pri:0, instance:furniture.Furniture_LivingRoom@5a61f5df]" name="startExtent" is-config="true" duration-ms="0" started-at="2017-05-28T01:02:20Z" finished-at="2017-05-28T01:02:20Z">
          <params>
            <param index="0">
              <value>
                <![CDATA[public void furniture.Furniture_LivingRoom.LivingRoom()]]>
              </value>
            </param>
          </params>
          <reporter-output>
          </reporter-output>
        </test-method> <!-- startExtent -->
        <test-method status="PASS" signature="LivingRoom()[pri:0, instance:furniture.Furniture_LivingRoom@5a61f5df]" name="LivingRoom" duration-ms="7966" started-at="2017-05-28T01:02:20Z" finished-at="2017-05-28T01:02:28Z">
          <reporter-output>
            <line>
              <![CDATA[Epic: Metro AC:1,2 <a https://peoplentch.atlassian.net/browse/GREEN-7> GREEN-7 </a>]]>
            </line>
            <line>
              <![CDATA[Launch local browser Instance]]>
            </line>
            <line>
              <![CDATA[FurniturePage: furniture Page View]]>
            </line>
            <line>
              <![CDATA[HomePage: go To Furniture Selection]]>
            </line>
            <line>
              <![CDATA[HomePage: click On Selection Menu]]>
            </line>
            <line>
              <![CDATA[HomePage: get Selection Menu Web Element]]>
            </line>
            <line>
              <![CDATA[HomePage: click On Furniture Selection]]>
            </line>
          </reporter-output>
        </test-method> <!-- LivingRoom -->
        <test-method status="PASS" signature="afterEachTestMethod(org.testng.ITestResult)[pri:0, instance:furniture.Furniture_LivingRoom@5a61f5df]" name="afterEachTestMethod" is-config="true" duration-ms="6113" started-at="2017-05-28T01:02:28Z" finished-at="2017-05-28T01:02:34Z">
          <params>
            <param index="0">
              <value>
                <![CDATA[[TestResult name=LivingRoom status=SUCCESS method=Furniture_LivingRoom.LivingRoom()[pri:0, instance:furniture.Furniture_LivingRoom@5a61f5df] output=Epic: Metro AC:1,2 <a https://peoplentch.atlassian.net/browse/GREEN-7> GREEN-7 </a>]]]>
              </value>
            </param>
          </params>
          <reporter-output>
          </reporter-output>
        </test-method> <!-- afterEachTestMethod -->
        <test-method status="PASS" signature="cleanUp()[pri:0, instance:furniture.Furniture_LivingRoom@5a61f5df]" name="cleanUp" is-config="true" duration-ms="0" started-at="2017-05-28T01:02:34Z" finished-at="2017-05-28T01:02:34Z">
          <reporter-output>
          </reporter-output>
        </test-method> <!-- cleanUp -->
      </class> <!-- furniture.Furniture_LivingRoom -->
      <class name="electronics.Electronics">
        <test-method status="PASS" signature="setUp(boolean, java.lang.String, java.lang.String, java.lang.String, java.lang.String, java.lang.String, java.lang.String)[pri:0, instance:electronics.Electronics@35fb3008]" name="setUp" is-config="true" duration-ms="12745" started-at="2017-05-28T01:00:31Z" finished-at="2017-05-28T01:00:43Z">
          <params>
            <param index="0">
              <value>
                <![CDATA[true]]>
              </value>
            </param>
            <param index="1">
              <value>
                <![CDATA[browserstack]]>
              </value>
            </param>
            <param index="2">
              <value>
                <![CDATA[Windows]]>
              </value>
            </param>
            <param index="3">
              <value>
                <![CDATA[10]]>
              </value>
            </param>
            <param index="4">
              <value>
                <![CDATA[firefox]]>
              </value>
            </param>
            <param index="5">
              <value>
                <![CDATA[53.0]]>
              </value>
            </param>
            <param index="6">
              <value>
                <![CDATA[https://www.costco.com/]]>
              </value>
            </param>
          </params>
          <reporter-output>
          </reporter-output>
        </test-method> <!-- setUp -->
        <test-method status="PASS" signature="electronicsView()[pri:0, instance:electronics.Electronics@35fb3008]" name="electronicsView" duration-ms="5905" started-at="2017-05-28T01:00:43Z" finished-at="2017-05-28T01:00:49Z">
          <reporter-output>
            <line>
              <![CDATA[Epic: Metro AC:1,2 <a https://peoplentch.atlassian.net/browse/GREEN-7> GREEN-7 </a>]]>
            </line>
            <line>
              <![CDATA[Launch local browser Instance]]>
            </line>
            <line>
              <![CDATA[ElectronicsPage: electronics Page View]]>
            </line>
            <line>
              <![CDATA[HomePage: go To Electronics Selection]]>
            </line>
            <line>
              <![CDATA[HomePage: click On Selection Menu]]>
            </line>
            <line>
              <![CDATA[HomePage: get Selection Menu Web Element]]>
            </line>
            <line>
              <![CDATA[HomePage: click On Electronics Selection]]>
            </line>
          </reporter-output>
        </test-method> <!-- electronicsView -->
        <test-method status="PASS" signature="startExtent(java.lang.reflect.Method)[pri:0, instance:electronics.Electronics@35fb3008]" name="startExtent" is-config="true" duration-ms="0" started-at="2017-05-28T01:00:43Z" finished-at="2017-05-28T01:00:43Z">
          <params>
            <param index="0">
              <value>
                <![CDATA[public void electronics.Electronics.electronicsView()]]>
              </value>
            </param>
          </params>
          <reporter-output>
          </reporter-output>
        </test-method> <!-- startExtent -->
        <test-method status="PASS" signature="afterEachTestMethod(org.testng.ITestResult)[pri:0, instance:electronics.Electronics@35fb3008]" name="afterEachTestMethod" is-config="true" duration-ms="5297" started-at="2017-05-28T01:00:49Z" finished-at="2017-05-28T01:00:55Z">
          <params>
            <param index="0">
              <value>
                <![CDATA[[TestResult name=electronicsView status=SUCCESS method=Electronics.electronicsView()[pri:0, instance:electronics.Electronics@35fb3008] output=Epic: Metro AC:1,2 <a https://peoplentch.atlassian.net/browse/GREEN-7> GREEN-7 </a>]]]>
              </value>
            </param>
          </params>
          <reporter-output>
          </reporter-output>
        </test-method> <!-- afterEachTestMethod -->
        <test-method status="PASS" signature="cleanUp()[pri:0, instance:electronics.Electronics@35fb3008]" name="cleanUp" is-config="true" duration-ms="0" started-at="2017-05-28T01:00:55Z" finished-at="2017-05-28T01:00:55Z">
          <reporter-output>
          </reporter-output>
        </test-method> <!-- cleanUp -->
      </class> <!-- electronics.Electronics -->
      <class name="furniture.Furniture">
        <test-method status="PASS" signature="setUp(boolean, java.lang.String, java.lang.String, java.lang.String, java.lang.String, java.lang.String, java.lang.String)[pri:0, instance:furniture.Furniture@54a097cc]" name="setUp" is-config="true" duration-ms="14584" started-at="2017-05-28T01:01:17Z" finished-at="2017-05-28T01:01:32Z">
          <params>
            <param index="0">
              <value>
                <![CDATA[true]]>
              </value>
            </param>
            <param index="1">
              <value>
                <![CDATA[browserstack]]>
              </value>
            </param>
            <param index="2">
              <value>
                <![CDATA[Windows]]>
              </value>
            </param>
            <param index="3">
              <value>
                <![CDATA[10]]>
              </value>
            </param>
            <param index="4">
              <value>
                <![CDATA[firefox]]>
              </value>
            </param>
            <param index="5">
              <value>
                <![CDATA[53.0]]>
              </value>
            </param>
            <param index="6">
              <value>
                <![CDATA[https://www.costco.com/]]>
              </value>
            </param>
          </params>
          <reporter-output>
          </reporter-output>
        </test-method> <!-- setUp -->
        <test-method status="PASS" signature="startExtent(java.lang.reflect.Method)[pri:0, instance:furniture.Furniture@54a097cc]" name="startExtent" is-config="true" duration-ms="0" started-at="2017-05-28T01:01:32Z" finished-at="2017-05-28T01:01:32Z">
          <params>
            <param index="0">
              <value>
                <![CDATA[public void furniture.Furniture.furnitureView()]]>
              </value>
            </param>
          </params>
          <reporter-output>
          </reporter-output>
        </test-method> <!-- startExtent -->
        <test-method status="PASS" signature="furnitureView()[pri:0, instance:furniture.Furniture@54a097cc]" name="furnitureView" duration-ms="6898" started-at="2017-05-28T01:01:32Z" finished-at="2017-05-28T01:01:39Z">
          <reporter-output>
            <line>
              <![CDATA[Epic: Metro AC:1,2 <a https://peoplentch.atlassian.net/browse/GREEN-7> GREEN-7 </a>]]>
            </line>
            <line>
              <![CDATA[Launch local browser Instance]]>
            </line>
            <line>
              <![CDATA[FurniturePage: furniture Page View]]>
            </line>
            <line>
              <![CDATA[HomePage: go To Furniture Selection]]>
            </line>
            <line>
              <![CDATA[HomePage: click On Selection Menu]]>
            </line>
            <line>
              <![CDATA[HomePage: get Selection Menu Web Element]]>
            </line>
            <line>
              <![CDATA[HomePage: click On Furniture Selection]]>
            </line>
          </reporter-output>
        </test-method> <!-- furnitureView -->
        <test-method status="PASS" signature="afterEachTestMethod(org.testng.ITestResult)[pri:0, instance:furniture.Furniture@54a097cc]" name="afterEachTestMethod" is-config="true" duration-ms="5216" started-at="2017-05-28T01:01:39Z" finished-at="2017-05-28T01:01:44Z">
          <params>
            <param index="0">
              <value>
                <![CDATA[[TestResult name=furnitureView status=SUCCESS method=Furniture.furnitureView()[pri:0, instance:furniture.Furniture@54a097cc] output=Epic: Metro AC:1,2 <a https://peoplentch.atlassian.net/browse/GREEN-7> GREEN-7 </a>]]]>
              </value>
            </param>
          </params>
          <reporter-output>
          </reporter-output>
        </test-method> <!-- afterEachTestMethod -->
        <test-method status="PASS" signature="cleanUp()[pri:0, instance:furniture.Furniture@54a097cc]" name="cleanUp" is-config="true" duration-ms="0" started-at="2017-05-28T01:01:44Z" finished-at="2017-05-28T01:01:44Z">
          <reporter-output>
          </reporter-output>
        </test-method> <!-- cleanUp -->
      </class> <!-- furniture.Furniture -->
      <class name="computers.Computers">
        <test-method status="PASS" signature="setUp(boolean, java.lang.String, java.lang.String, java.lang.String, java.lang.String, java.lang.String, java.lang.String)[pri:0, instance:computers.Computers@3cbbc1e0]" name="setUp" is-config="true" duration-ms="11286" started-at="2017-05-28T01:00:09Z" finished-at="2017-05-28T01:00:20Z">
          <params>
            <param index="0">
              <value>
                <![CDATA[true]]>
              </value>
            </param>
            <param index="1">
              <value>
                <![CDATA[browserstack]]>
              </value>
            </param>
            <param index="2">
              <value>
                <![CDATA[Windows]]>
              </value>
            </param>
            <param index="3">
              <value>
                <![CDATA[10]]>
              </value>
            </param>
            <param index="4">
              <value>
                <![CDATA[firefox]]>
              </value>
            </param>
            <param index="5">
              <value>
                <![CDATA[53.0]]>
              </value>
            </param>
            <param index="6">
              <value>
                <![CDATA[https://www.costco.com/]]>
              </value>
            </param>
          </params>
          <reporter-output>
          </reporter-output>
        </test-method> <!-- setUp -->
        <test-method status="PASS" signature="computersView()[pri:0, instance:computers.Computers@3cbbc1e0]" name="computersView" duration-ms="4720" started-at="2017-05-28T01:00:20Z" finished-at="2017-05-28T01:00:25Z">
          <reporter-output>
            <line>
              <![CDATA[Epic: Metro AC:1,2 <a https://peoplentch.atlassian.net/browse/GREEN-7> GREEN-7 </a>]]>
            </line>
            <line>
              <![CDATA[Launch local browser Instance]]>
            </line>
            <line>
              <![CDATA[ComputersPage: electronics Page View]]>
            </line>
            <line>
              <![CDATA[HomePage: go To Computers Selection]]>
            </line>
            <line>
              <![CDATA[HomePage: click On Selection Menu]]>
            </line>
            <line>
              <![CDATA[HomePage: get Selection Menu Web Element]]>
            </line>
            <line>
              <![CDATA[HomePage: click On Computers Selection]]>
            </line>
          </reporter-output>
        </test-method> <!-- computersView -->
        <test-method status="PASS" signature="startExtent(java.lang.reflect.Method)[pri:0, instance:computers.Computers@3cbbc1e0]" name="startExtent" is-config="true" duration-ms="0" started-at="2017-05-28T01:00:20Z" finished-at="2017-05-28T01:00:20Z">
          <params>
            <param index="0">
              <value>
                <![CDATA[public void computers.Computers.computersView()]]>
              </value>
            </param>
          </params>
          <reporter-output>
          </reporter-output>
        </test-method> <!-- startExtent -->
        <test-method status="PASS" signature="afterEachTestMethod(org.testng.ITestResult)[pri:0, instance:computers.Computers@3cbbc1e0]" name="afterEachTestMethod" is-config="true" duration-ms="5383" started-at="2017-05-28T01:00:25Z" finished-at="2017-05-28T01:00:31Z">
          <params>
            <param index="0">
              <value>
                <![CDATA[[TestResult name=computersView status=SUCCESS method=Computers.computersView()[pri:0, instance:computers.Computers@3cbbc1e0] output=Epic: Metro AC:1,2 <a https://peoplentch.atlassian.net/browse/GREEN-7> GREEN-7 </a>]]]>
              </value>
            </param>
          </params>
          <reporter-output>
          </reporter-output>
        </test-method> <!-- afterEachTestMethod -->
        <test-method status="PASS" signature="cleanUp()[pri:0, instance:computers.Computers@3cbbc1e0]" name="cleanUp" is-config="true" duration-ms="1" started-at="2017-05-28T01:00:31Z" finished-at="2017-05-28T01:00:31Z">
          <reporter-output>
          </reporter-output>
        </test-method> <!-- cleanUp -->
      </class> <!-- computers.Computers -->
      <class name="electronics.Electronics_Cameras">
        <test-method status="PASS" signature="setUp(boolean, java.lang.String, java.lang.String, java.lang.String, java.lang.String, java.lang.String, java.lang.String)[pri:0, instance:electronics.Electronics_Cameras@7225790e]" name="setUp" is-config="true" duration-ms="13085" started-at="2017-05-28T01:00:55Z" finished-at="2017-05-28T01:01:08Z">
          <params>
            <param index="0">
              <value>
                <![CDATA[true]]>
              </value>
            </param>
            <param index="1">
              <value>
                <![CDATA[browserstack]]>
              </value>
            </param>
            <param index="2">
              <value>
                <![CDATA[Windows]]>
              </value>
            </param>
            <param index="3">
              <value>
                <![CDATA[10]]>
              </value>
            </param>
            <param index="4">
              <value>
                <![CDATA[firefox]]>
              </value>
            </param>
            <param index="5">
              <value>
                <![CDATA[53.0]]>
              </value>
            </param>
            <param index="6">
              <value>
                <![CDATA[https://www.costco.com/]]>
              </value>
            </param>
          </params>
          <reporter-output>
          </reporter-output>
        </test-method> <!-- setUp -->
        <test-method status="PASS" signature="Cameras()[pri:0, instance:electronics.Electronics_Cameras@7225790e]" name="Cameras" duration-ms="3871" started-at="2017-05-28T01:01:08Z" finished-at="2017-05-28T01:01:11Z">
          <reporter-output>
            <line>
              <![CDATA[Epic: Metro AC:1,2 <a https://peoplentch.atlassian.net/browse/GREEN-7> GREEN-7 </a>]]>
            </line>
            <line>
              <![CDATA[Launch local browser Instance]]>
            </line>
            <line>
              <![CDATA[ElectronicsPage: electronics Page View]]>
            </line>
            <line>
              <![CDATA[HomePage: go To Electronics Selection]]>
            </line>
            <line>
              <![CDATA[HomePage: click On Selection Menu]]>
            </line>
            <line>
              <![CDATA[HomePage: get Selection Menu Web Element]]>
            </line>
            <line>
              <![CDATA[HomePage: click On Electronics Selection]]>
            </line>
          </reporter-output>
        </test-method> <!-- Cameras -->
        <test-method status="PASS" signature="startExtent(java.lang.reflect.Method)[pri:0, instance:electronics.Electronics_Cameras@7225790e]" name="startExtent" is-config="true" duration-ms="0" started-at="2017-05-28T01:01:08Z" finished-at="2017-05-28T01:01:08Z">
          <params>
            <param index="0">
              <value>
                <![CDATA[public void electronics.Electronics_Cameras.Cameras()]]>
              </value>
            </param>
          </params>
          <reporter-output>
          </reporter-output>
        </test-method> <!-- startExtent -->
        <test-method status="PASS" signature="afterEachTestMethod(org.testng.ITestResult)[pri:0, instance:electronics.Electronics_Cameras@7225790e]" name="afterEachTestMethod" is-config="true" duration-ms="5592" started-at="2017-05-28T01:01:11Z" finished-at="2017-05-28T01:01:17Z">
          <params>
            <param index="0">
              <value>
                <![CDATA[[TestResult name=Cameras status=SUCCESS method=Electronics_Cameras.Cameras()[pri:0, instance:electronics.Electronics_Cameras@7225790e] output=Epic: Metro AC:1,2 <a https://peoplentch.atlassian.net/browse/GREEN-7> GREEN-7 </a>]]]>
              </value>
            </param>
          </params>
          <reporter-output>
          </reporter-output>
        </test-method> <!-- afterEachTestMethod -->
        <test-method status="PASS" signature="cleanUp()[pri:0, instance:electronics.Electronics_Cameras@7225790e]" name="cleanUp" is-config="true" duration-ms="0" started-at="2017-05-28T01:01:17Z" finished-at="2017-05-28T01:01:17Z">
          <reporter-output>
          </reporter-output>
        </test-method> <!-- cleanUp -->
      </class> <!-- electronics.Electronics_Cameras -->
      <class name="furniture.Furniture_DiningRoom">
        <test-method status="PASS" signature="setUp(boolean, java.lang.String, java.lang.String, java.lang.String, java.lang.String, java.lang.String, java.lang.String)[pri:0, instance:furniture.Furniture_DiningRoom@36f6e879]" name="setUp" is-config="true" duration-ms="11775" started-at="2017-05-28T01:01:44Z" finished-at="2017-05-28T01:01:56Z">
          <params>
            <param index="0">
              <value>
                <![CDATA[true]]>
              </value>
            </param>
            <param index="1">
              <value>
                <![CDATA[browserstack]]>
              </value>
            </param>
            <param index="2">
              <value>
                <![CDATA[Windows]]>
              </value>
            </param>
            <param index="3">
              <value>
                <![CDATA[10]]>
              </value>
            </param>
            <param index="4">
              <value>
                <![CDATA[firefox]]>
              </value>
            </param>
            <param index="5">
              <value>
                <![CDATA[53.0]]>
              </value>
            </param>
            <param index="6">
              <value>
                <![CDATA[https://www.costco.com/]]>
              </value>
            </param>
          </params>
          <reporter-output>
          </reporter-output>
        </test-method> <!-- setUp -->
        <test-method status="PASS" signature="DiningRoom()[pri:0, instance:furniture.Furniture_DiningRoom@36f6e879]" name="DiningRoom" duration-ms="2368" started-at="2017-05-28T01:01:56Z" finished-at="2017-05-28T01:01:58Z">
          <reporter-output>
            <line>
              <![CDATA[Epic: Metro AC:1,2 <a https://peoplentch.atlassian.net/browse/GREEN-7> GREEN-7 </a>]]>
            </line>
            <line>
              <![CDATA[Launch local browser Instance]]>
            </line>
            <line>
              <![CDATA[FurniturePage: furniture Page View]]>
            </line>
            <line>
              <![CDATA[HomePage: go To Furniture Selection]]>
            </line>
            <line>
              <![CDATA[HomePage: click On Selection Menu]]>
            </line>
            <line>
              <![CDATA[HomePage: get Selection Menu Web Element]]>
            </line>
            <line>
              <![CDATA[HomePage: click On Furniture Selection]]>
            </line>
          </reporter-output>
        </test-method> <!-- DiningRoom -->
        <test-method status="PASS" signature="startExtent(java.lang.reflect.Method)[pri:0, instance:furniture.Furniture_DiningRoom@36f6e879]" name="startExtent" is-config="true" duration-ms="0" started-at="2017-05-28T01:01:56Z" finished-at="2017-05-28T01:01:56Z">
          <params>
            <param index="0">
              <value>
                <![CDATA[public void furniture.Furniture_DiningRoom.DiningRoom()]]>
              </value>
            </param>
          </params>
          <reporter-output>
          </reporter-output>
        </test-method> <!-- startExtent -->
        <test-method status="PASS" signature="afterEachTestMethod(org.testng.ITestResult)[pri:0, instance:furniture.Furniture_DiningRoom@36f6e879]" name="afterEachTestMethod" is-config="true" duration-ms="5423" started-at="2017-05-28T01:01:58Z" finished-at="2017-05-28T01:02:03Z">
          <params>
            <param index="0">
              <value>
                <![CDATA[[TestResult name=DiningRoom status=SUCCESS method=Furniture_DiningRoom.DiningRoom()[pri:0, instance:furniture.Furniture_DiningRoom@36f6e879] output=Epic: Metro AC:1,2 <a https://peoplentch.atlassian.net/browse/GREEN-7> GREEN-7 </a>]]]>
              </value>
            </param>
          </params>
          <reporter-output>
          </reporter-output>
        </test-method> <!-- afterEachTestMethod -->
        <test-method status="PASS" signature="cleanUp()[pri:0, instance:furniture.Furniture_DiningRoom@36f6e879]" name="cleanUp" is-config="true" duration-ms="0" started-at="2017-05-28T01:02:03Z" finished-at="2017-05-28T01:02:03Z">
          <reporter-output>
          </reporter-output>
        </test-method> <!-- cleanUp -->
      </class> <!-- furniture.Furniture_DiningRoom -->
      <class name="appliances.Appliances_Washers">
        <test-method status="PASS" signature="setUp(boolean, java.lang.String, java.lang.String, java.lang.String, java.lang.String, java.lang.String, java.lang.String)[pri:0, instance:appliances.Appliances_Washers@6df97b55]" name="setUp" is-config="true" duration-ms="11599" started-at="2017-05-28T00:59:46Z" finished-at="2017-05-28T00:59:57Z">
          <params>
            <param index="0">
              <value>
                <![CDATA[true]]>
              </value>
            </param>
            <param index="1">
              <value>
                <![CDATA[browserstack]]>
              </value>
            </param>
            <param index="2">
              <value>
                <![CDATA[Windows]]>
              </value>
            </param>
            <param index="3">
              <value>
                <![CDATA[10]]>
              </value>
            </param>
            <param index="4">
              <value>
                <![CDATA[firefox]]>
              </value>
            </param>
            <param index="5">
              <value>
                <![CDATA[53.0]]>
              </value>
            </param>
            <param index="6">
              <value>
                <![CDATA[https://www.costco.com/]]>
              </value>
            </param>
          </params>
          <reporter-output>
          </reporter-output>
        </test-method> <!-- setUp -->
        <test-method status="PASS" signature="startExtent(java.lang.reflect.Method)[pri:0, instance:appliances.Appliances_Washers@6df97b55]" name="startExtent" is-config="true" duration-ms="0" started-at="2017-05-28T00:59:57Z" finished-at="2017-05-28T00:59:57Z">
          <params>
            <param index="0">
              <value>
                <![CDATA[public void appliances.Appliances_Washers.Washers()]]>
              </value>
            </param>
          </params>
          <reporter-output>
          </reporter-output>
        </test-method> <!-- startExtent -->
        <test-method status="PASS" signature="Washers()[pri:0, instance:appliances.Appliances_Washers@6df97b55]" name="Washers" duration-ms="6539" started-at="2017-05-28T00:59:57Z" finished-at="2017-05-28T01:00:04Z">
          <reporter-output>
            <line>
              <![CDATA[Epic: Metro AC:1,2 <a https://peoplentch.atlassian.net/browse/GREEN-7> GREEN-7 </a>]]>
            </line>
            <line>
              <![CDATA[Launch local browser Instance]]>
            </line>
            <line>
              <![CDATA[AppliancesPage: appliances Page View]]>
            </line>
            <line>
              <![CDATA[HomePage: go To Appliances Selection]]>
            </line>
            <line>
              <![CDATA[HomePage: click On Selection Menu]]>
            </line>
            <line>
              <![CDATA[HomePage: get Selection Menu Web Element]]>
            </line>
            <line>
              <![CDATA[HomePage: click On Appliance Selection]]>
            </line>
          </reporter-output>
        </test-method> <!-- Washers -->
        <test-method status="PASS" signature="afterEachTestMethod(org.testng.ITestResult)[pri:0, instance:appliances.Appliances_Washers@6df97b55]" name="afterEachTestMethod" is-config="true" duration-ms="5134" started-at="2017-05-28T01:00:04Z" finished-at="2017-05-28T01:00:09Z">
          <params>
            <param index="0">
              <value>
                <![CDATA[[TestResult name=Washers status=SUCCESS method=Appliances_Washers.Washers()[pri:0, instance:appliances.Appliances_Washers@6df97b55] output=Epic: Metro AC:1,2 <a https://peoplentch.atlassian.net/browse/GREEN-7> GREEN-7 </a>]]]>
              </value>
            </param>
          </params>
          <reporter-output>
          </reporter-output>
        </test-method> <!-- afterEachTestMethod -->
        <test-method status="PASS" signature="cleanUp()[pri:0, instance:appliances.Appliances_Washers@6df97b55]" name="cleanUp" is-config="true" duration-ms="1" started-at="2017-05-28T01:00:09Z" finished-at="2017-05-28T01:00:09Z">
          <reporter-output>
          </reporter-output>
        </test-method> <!-- cleanUp -->
      </class> <!-- appliances.Appliances_Washers -->
    </test> <!-- Costco Home -->
  </suite> <!-- Costco -->
</testng-results>
