<?xml version="1.0" encoding="UTF-8"?>
<testng-results skipped="0" failed="0" ignored="4" total="8" passed="4">
  <reporter-output>
    <line>
      <![CDATA[Extent Report directory: C:\Users\Zahera\IdeaProjects4\automation-march2017\Amazon\target\surefire-reports\html]]>
    </line>
    <line>
      <![CDATA[Epic: Metro EC:1,2 <a https://peoplentch.atlassian.net/browse/GREEN-7> GREEN-7 </a>]]>
    </line>
    <line>
      <![CDATA[Launch local browser Instance]]>
    </line>
    <line>
      <![CDATA[SearchPage: get Data From Excel File And Search]]>
    </line>
    <line>
      <![CDATA[ItemsToBeSearched: get Data From Excel File]]>
    </line>
    <line>
      <![CDATA[SearchPage: search For :   Salmon]]>
    </line>
    <line>
      <![CDATA[SearchPage: clear Search Input]]>
    </line>
    <line>
      <![CDATA[SearchPage: search For :   Laptop]]>
    </line>
    <line>
      <![CDATA[SearchPage: clear Search Input]]>
    </line>
    <line>
      <![CDATA[SearchPage: search For :   Honey]]>
    </line>
    <line>
      <![CDATA[SearchPage: clear Search Input]]>
    </line>
    <line>
      <![CDATA[SearchPage: search For :   i Phone]]>
    </line>
    <line>
      <![CDATA[SearchPage: clear Search Input]]>
    </line>
    <line>
      <![CDATA[SearchPage: search For :   Books]]>
    </line>
    <line>
      <![CDATA[SearchPage: clear Search Input]]>
    </line>
    <line>
      <![CDATA[SearchPage: search For :   Selenium]]>
    </line>
    <line>
      <![CDATA[SearchPage: clear Search Input]]>
    </line>
    <line>
      <![CDATA[SearchPage: search For :   Lemon]]>
    </line>
    <line>
      <![CDATA[SearchPage: clear Search Input]]>
    </line>
    <line>
      <![CDATA[SearchPage: search For :   Tea]]>
    </line>
    <line>
      <![CDATA[SearchPage: clear Search Input]]>
    </line>
    <line>
      <![CDATA[SearchPage: search For :   Wine]]>
    </line>
    <line>
      <![CDATA[SearchPage: clear Search Input]]>
    </line>
    <line>
      <![CDATA[Epic: Metro EC:1,2 <a https://peoplentch.atlassian.net/browse/GREEN-7> GREEN-7 </a>]]>
    </line>
    <line>
      <![CDATA[Launch local browser Instance]]>
    </line>
    <line>
      <![CDATA[DropDownMenuPage: drop Down Search]]>
    </line>
    <line>
      <![CDATA[DropDownMenuPage: get Menus]]>
    </line>
    <line>
      <![CDATA[DropDownMenuPage: type On Input Search]]>
    </line>
    <line>
      <![CDATA[DropDownMenuPage: input]]>
    </line>
    <line>
      <![CDATA[DropDownMenuPage: clear Box]]>
    </line>
    <line>
      <![CDATA[DropDownMenuPage: input]]>
    </line>
    <line>
      <![CDATA[DropDownMenuPage: clear Box]]>
    </line>
    <line>
      <![CDATA[DropDownMenuPage: input]]>
    </line>
    <line>
      <![CDATA[DropDownMenuPage: clear Box]]>
    </line>
    <line>
      <![CDATA[DropDownMenuPage: input]]>
    </line>
    <line>
      <![CDATA[DropDownMenuPage: clear Box]]>
    </line>
    <line>
      <![CDATA[DropDownMenuPage: input]]>
    </line>
    <line>
      <![CDATA[DropDownMenuPage: clear Box]]>
    </line>
  </reporter-output>
  <suite name="Amazon" duration-ms="85437" started-at="2017-05-28T04:56:40Z" finished-at="2017-05-28T04:58:05Z">
    <groups>
    </groups>
    <test name="Amazon Home" duration-ms="85437" started-at="2017-05-28T04:56:40Z" finished-at="2017-05-28T04:58:05Z">
      <class name="searchitems.SearchItems">
        <test-method status="PASS" signature="extentSetup(org.testng.ITestContext)[pri:0, instance:searchitems.SearchItems@617c74e5]" name="extentSetup" is-config="true" duration-ms="500" started-at="2017-05-28T00:56:39Z" finished-at="2017-05-28T00:56:40Z">
          <params>
            <param index="0">
              <value>
                <![CDATA[org.testng.TestRunner@1372ed45]]>
              </value>
            </param>
          </params>
          <reporter-output>
            <line>
              <![CDATA[Extent Report directory: C:\Users\Zahera\IdeaProjects4\automation-march2017\Amazon\target\surefire-reports\html]]>
            </line>
          </reporter-output>
        </test-method> <!-- extentSetup -->
        <test-method status="PASS" signature="setUp(boolean, java.lang.String, java.lang.String, java.lang.String, java.lang.String, java.lang.String, java.lang.String)[pri:0, instance:searchitems.SearchItems@617c74e5]" name="setUp" is-config="true" duration-ms="24424" started-at="2017-05-28T00:56:40Z" finished-at="2017-05-28T00:57:04Z">
          <params>
            <param index="0">
              <value>
                <![CDATA[false]]>
              </value>
            </param>
            <param index="1">
              <value>
                <![CDATA[browserstack]]>
              </value>
            </param>
            <param index="2">
              <value>
                <![CDATA[Windows]]>
              </value>
            </param>
            <param index="3">
              <value>
                <![CDATA[10]]>
              </value>
            </param>
            <param index="4">
              <value>
                <![CDATA[firefox]]>
              </value>
            </param>
            <param index="5">
              <value>
                <![CDATA[53.0]]>
              </value>
            </param>
            <param index="6">
              <value>
                <![CDATA[http://amazon.com]]>
              </value>
            </param>
          </params>
          <reporter-output>
          </reporter-output>
        </test-method> <!-- setUp -->
        <test-method status="PASS" signature="startExtent(java.lang.reflect.Method)[pri:0, instance:searchitems.SearchItems@617c74e5]" name="startExtent" is-config="true" duration-ms="4" started-at="2017-05-28T00:57:04Z" finished-at="2017-05-28T00:57:04Z">
          <params>
            <param index="0">
              <value>
                <![CDATA[public void searchitems.SearchItems.search() throws java.io.IOException,java.lang.InterruptedException]]>
              </value>
            </param>
          </params>
          <reporter-output>
          </reporter-output>
        </test-method> <!-- startExtent -->
        <test-method status="PASS" signature="search()[pri:0, instance:searchitems.SearchItems@617c74e5]" name="search" duration-ms="27491" started-at="2017-05-28T00:57:04Z" finished-at="2017-05-28T00:57:32Z">
          <reporter-output>
            <line>
              <![CDATA[Epic: Metro EC:1,2 <a https://peoplentch.atlassian.net/browse/GREEN-7> GREEN-7 </a>]]>
            </line>
            <line>
              <![CDATA[Launch local browser Instance]]>
            </line>
            <line>
              <![CDATA[SearchPage: get Data From Excel File And Search]]>
            </line>
            <line>
              <![CDATA[ItemsToBeSearched: get Data From Excel File]]>
            </line>
            <line>
              <![CDATA[SearchPage: search For :   Salmon]]>
            </line>
            <line>
              <![CDATA[SearchPage: clear Search Input]]>
            </line>
            <line>
              <![CDATA[SearchPage: search For :   Laptop]]>
            </line>
            <line>
              <![CDATA[SearchPage: clear Search Input]]>
            </line>
            <line>
              <![CDATA[SearchPage: search For :   Honey]]>
            </line>
            <line>
              <![CDATA[SearchPage: clear Search Input]]>
            </line>
            <line>
              <![CDATA[SearchPage: search For :   i Phone]]>
            </line>
            <line>
              <![CDATA[SearchPage: clear Search Input]]>
            </line>
            <line>
              <![CDATA[SearchPage: search For :   Books]]>
            </line>
            <line>
              <![CDATA[SearchPage: clear Search Input]]>
            </line>
            <line>
              <![CDATA[SearchPage: search For :   Selenium]]>
            </line>
            <line>
              <![CDATA[SearchPage: clear Search Input]]>
            </line>
            <line>
              <![CDATA[SearchPage: search For :   Lemon]]>
            </line>
            <line>
              <![CDATA[SearchPage: clear Search Input]]>
            </line>
            <line>
              <![CDATA[SearchPage: search For :   Tea]]>
            </line>
            <line>
              <![CDATA[SearchPage: clear Search Input]]>
            </line>
            <line>
              <![CDATA[SearchPage: search For :   Wine]]>
            </line>
            <line>
              <![CDATA[SearchPage: clear Search Input]]>
            </line>
          </reporter-output>
        </test-method> <!-- search -->
        <test-method status="PASS" signature="afterEachTestMethod(org.testng.ITestResult)[pri:0, instance:searchitems.SearchItems@617c74e5]" name="afterEachTestMethod" is-config="true" duration-ms="3464" started-at="2017-05-28T00:57:32Z" finished-at="2017-05-28T00:57:35Z">
          <params>
            <param index="0">
              <value>
                <![CDATA[[TestResult name=search status=SUCCESS method=SearchItems.search()[pri:0, instance:searchitems.SearchItems@617c74e5] output=Epic: Metro EC:1,2 <a https://peoplentch.atlassian.net/browse/GREEN-7> GREEN-7 </a>]]]>
              </value>
            </param>
          </params>
          <reporter-output>
          </reporter-output>
        </test-method> <!-- afterEachTestMethod -->
        <test-method status="PASS" signature="cleanUp()[pri:0, instance:searchitems.SearchItems@617c74e5]" name="cleanUp" is-config="true" duration-ms="0" started-at="2017-05-28T00:57:35Z" finished-at="2017-05-28T00:57:35Z">
          <reporter-output>
          </reporter-output>
        </test-method> <!-- cleanUp -->
        <test-method status="PASS" signature="generateReport()[pri:0, instance:searchitems.SearchItems@617c74e5]" name="generateReport" is-config="true" duration-ms="53" started-at="2017-05-28T00:58:05Z" finished-at="2017-05-28T00:58:05Z">
          <reporter-output>
          </reporter-output>
        </test-method> <!-- generateReport -->
      </class> <!-- searchitems.SearchItems -->
      <class name="searchitems.DropDownMenuSearch">
        <test-method status="PASS" signature="setUp(boolean, java.lang.String, java.lang.String, java.lang.String, java.lang.String, java.lang.String, java.lang.String)[pri:0, instance:searchitems.DropDownMenuSearch@6537cf78]" name="setUp" is-config="true" duration-ms="9726" started-at="2017-05-28T00:57:35Z" finished-at="2017-05-28T00:57:45Z">
          <params>
            <param index="0">
              <value>
                <![CDATA[false]]>
              </value>
            </param>
            <param index="1">
              <value>
                <![CDATA[browserstack]]>
              </value>
            </param>
            <param index="2">
              <value>
                <![CDATA[Windows]]>
              </value>
            </param>
            <param index="3">
              <value>
                <![CDATA[10]]>
              </value>
            </param>
            <param index="4">
              <value>
                <![CDATA[firefox]]>
              </value>
            </param>
            <param index="5">
              <value>
                <![CDATA[53.0]]>
              </value>
            </param>
            <param index="6">
              <value>
                <![CDATA[http://amazon.com]]>
              </value>
            </param>
          </params>
          <reporter-output>
          </reporter-output>
        </test-method> <!-- setUp -->
        <test-method status="PASS" signature="startExtent(java.lang.reflect.Method)[pri:0, instance:searchitems.DropDownMenuSearch@6537cf78]" name="startExtent" is-config="true" duration-ms="1" started-at="2017-05-28T00:57:45Z" finished-at="2017-05-28T00:57:45Z">
          <params>
            <param index="0">
              <value>
                <![CDATA[public void searchitems.DropDownMenuSearch.searchMenu() throws java.lang.InterruptedException]]>
              </value>
            </param>
          </params>
          <reporter-output>
          </reporter-output>
        </test-method> <!-- startExtent -->
        <test-method status="PASS" signature="searchMenu()[pri:0, instance:searchitems.DropDownMenuSearch@6537cf78]" name="searchMenu" duration-ms="18056" started-at="2017-05-28T00:57:45Z" finished-at="2017-05-28T00:58:03Z">
          <reporter-output>
            <line>
              <![CDATA[Epic: Metro EC:1,2 <a https://peoplentch.atlassian.net/browse/GREEN-7> GREEN-7 </a>]]>
            </line>
            <line>
              <![CDATA[Launch local browser Instance]]>
            </line>
            <line>
              <![CDATA[DropDownMenuPage: drop Down Search]]>
            </line>
            <line>
              <![CDATA[DropDownMenuPage: get Menus]]>
            </line>
            <line>
              <![CDATA[DropDownMenuPage: type On Input Search]]>
            </line>
            <line>
              <![CDATA[DropDownMenuPage: input]]>
            </line>
            <line>
              <![CDATA[DropDownMenuPage: clear Box]]>
            </line>
            <line>
              <![CDATA[DropDownMenuPage: input]]>
            </line>
            <line>
              <![CDATA[DropDownMenuPage: clear Box]]>
            </line>
            <line>
              <![CDATA[DropDownMenuPage: input]]>
            </line>
            <line>
              <![CDATA[DropDownMenuPage: clear Box]]>
            </line>
            <line>
              <![CDATA[DropDownMenuPage: input]]>
            </line>
            <line>
              <![CDATA[DropDownMenuPage: clear Box]]>
            </line>
            <line>
              <![CDATA[DropDownMenuPage: input]]>
            </line>
            <line>
              <![CDATA[DropDownMenuPage: clear Box]]>
            </line>
          </reporter-output>
        </test-method> <!-- searchMenu -->
        <test-method status="PASS" signature="afterEachTestMethod(org.testng.ITestResult)[pri:0, instance:searchitems.DropDownMenuSearch@6537cf78]" name="afterEachTestMethod" is-config="true" duration-ms="2256" started-at="2017-05-28T00:58:03Z" finished-at="2017-05-28T00:58:05Z">
          <params>
            <param index="0">
              <value>
                <![CDATA[[TestResult name=searchMenu status=SUCCESS method=DropDownMenuSearch.searchMenu()[pri:0, instance:searchitems.DropDownMenuSearch@6537cf78] output=Epic: Metro EC:1,2 <a https://peoplentch.atlassian.net/browse/GREEN-7> GREEN-7 </a>]]]>
              </value>
            </param>
          </params>
          <reporter-output>
          </reporter-output>
        </test-method> <!-- afterEachTestMethod -->
        <test-method status="PASS" signature="cleanUp()[pri:0, instance:searchitems.DropDownMenuSearch@6537cf78]" name="cleanUp" is-config="true" duration-ms="0" started-at="2017-05-28T00:58:05Z" finished-at="2017-05-28T00:58:05Z">
          <reporter-output>
          </reporter-output>
        </test-method> <!-- cleanUp -->
      </class> <!-- searchitems.DropDownMenuSearch -->
    </test> <!-- Amazon Home -->
  </suite> <!-- Amazon -->
  <suite name="Amazon (0)" duration-ms="70951" started-at="2017-05-28T04:58:05Z" finished-at="2017-05-28T04:59:16Z">
    <groups>
    </groups>
    <test name="Amazon Home" duration-ms="70951" started-at="2017-05-28T04:58:05Z" finished-at="2017-05-28T04:59:16Z">
      <class name="home.SearchItems">
        <test-method status="PASS" signature="setUp(boolean, java.lang.String, java.lang.String, java.lang.String, java.lang.String, java.lang.String, java.lang.String)[pri:0, instance:home.SearchItems@13a57a3b]" name="setUp" is-config="true" duration-ms="39465" started-at="2017-05-28T00:58:26Z" finished-at="2017-05-28T00:59:05Z">
          <params>
            <param index="0">
              <value>
                <![CDATA[true]]>
              </value>
            </param>
            <param index="1">
              <value>
                <![CDATA[browserstack]]>
              </value>
            </param>
            <param index="2">
              <value>
                <![CDATA[OS X]]>
              </value>
            </param>
            <param index="3">
              <value>
                <![CDATA[Sierra]]>
              </value>
            </param>
            <param index="4">
              <value>
                <![CDATA[firefox]]>
              </value>
            </param>
            <param index="5">
              <value>
                <![CDATA[53.0]]>
              </value>
            </param>
            <param index="6">
              <value>
                <![CDATA[http://amazon.com]]>
              </value>
            </param>
          </params>
          <reporter-output>
          </reporter-output>
        </test-method> <!-- setUp -->
        <test-method status="PASS" signature="serach()[pri:0, instance:home.SearchItems@13a57a3b]" name="serach" duration-ms="564" started-at="2017-05-28T00:59:05Z" finished-at="2017-05-28T00:59:06Z">
          <reporter-output>
          </reporter-output>
        </test-method> <!-- serach -->
        <test-method status="PASS" signature="startExtent(java.lang.reflect.Method)[pri:0, instance:home.SearchItems@13a57a3b]" name="startExtent" is-config="true" duration-ms="0" started-at="2017-05-28T00:59:05Z" finished-at="2017-05-28T00:59:05Z">
          <params>
            <param index="0">
              <value>
                <![CDATA[public void home.SearchItems.serach()]]>
              </value>
            </param>
          </params>
          <reporter-output>
          </reporter-output>
        </test-method> <!-- startExtent -->
        <test-method status="PASS" signature="afterEachTestMethod(org.testng.ITestResult)[pri:0, instance:home.SearchItems@13a57a3b]" name="afterEachTestMethod" is-config="true" duration-ms="10594" started-at="2017-05-28T00:59:06Z" finished-at="2017-05-28T00:59:16Z">
          <params>
            <param index="0">
              <value>
                <![CDATA[[TestResult name=serach status=SUCCESS method=SearchItems.serach()[pri:0, instance:home.SearchItems@13a57a3b] output={null}]]]>
              </value>
            </param>
          </params>
          <reporter-output>
          </reporter-output>
        </test-method> <!-- afterEachTestMethod -->
        <test-method status="PASS" signature="cleanUp()[pri:0, instance:home.SearchItems@13a57a3b]" name="cleanUp" is-config="true" duration-ms="0" started-at="2017-05-28T00:59:16Z" finished-at="2017-05-28T00:59:16Z">
          <reporter-output>
          </reporter-output>
        </test-method> <!-- cleanUp -->
      </class> <!-- home.SearchItems -->
      <class name="home.TestAmazonHome">
        <test-method status="PASS" signature="extentSetup(org.testng.ITestContext)[pri:0, instance:home.TestAmazonHome@69d9c55]" name="extentSetup" is-config="true" duration-ms="1" started-at="2017-05-28T00:58:05Z" finished-at="2017-05-28T00:58:05Z">
          <params>
            <param index="0">
              <value>
                <![CDATA[org.testng.TestRunner@25359ed8]]>
              </value>
            </param>
          </params>
          <reporter-output>
          </reporter-output>
        </test-method> <!-- extentSetup -->
        <test-method status="PASS" signature="setUp(boolean, java.lang.String, java.lang.String, java.lang.String, java.lang.String, java.lang.String, java.lang.String)[pri:0, instance:home.TestAmazonHome@69d9c55]" name="setUp" is-config="true" duration-ms="7102" started-at="2017-05-28T00:58:05Z" finished-at="2017-05-28T00:58:12Z">
          <params>
            <param index="0">
              <value>
                <![CDATA[true]]>
              </value>
            </param>
            <param index="1">
              <value>
                <![CDATA[browserstack]]>
              </value>
            </param>
            <param index="2">
              <value>
                <![CDATA[OS X]]>
              </value>
            </param>
            <param index="3">
              <value>
                <![CDATA[Sierra]]>
              </value>
            </param>
            <param index="4">
              <value>
                <![CDATA[firefox]]>
              </value>
            </param>
            <param index="5">
              <value>
                <![CDATA[53.0]]>
              </value>
            </param>
            <param index="6">
              <value>
                <![CDATA[http://amazon.com]]>
              </value>
            </param>
          </params>
          <reporter-output>
          </reporter-output>
        </test-method> <!-- setUp -->
        <test-method status="PASS" signature="startExtent(java.lang.reflect.Method)[pri:0, instance:home.TestAmazonHome@69d9c55]" name="startExtent" is-config="true" duration-ms="1" started-at="2017-05-28T00:58:12Z" finished-at="2017-05-28T00:58:12Z">
          <params>
            <param index="0">
              <value>
                <![CDATA[public void home.TestAmazonHome.amazonTitle()]]>
              </value>
            </param>
          </params>
          <reporter-output>
          </reporter-output>
        </test-method> <!-- startExtent -->
        <test-method status="PASS" signature="amazonTitle()[pri:0, instance:home.TestAmazonHome@69d9c55]" name="amazonTitle" duration-ms="142" started-at="2017-05-28T00:58:12Z" finished-at="2017-05-28T00:58:13Z">
          <reporter-output>
          </reporter-output>
        </test-method> <!-- amazonTitle -->
        <test-method status="PASS" signature="afterEachTestMethod(org.testng.ITestResult)[pri:0, instance:home.TestAmazonHome@69d9c55]" name="afterEachTestMethod" is-config="true" duration-ms="13081" started-at="2017-05-28T00:58:13Z" finished-at="2017-05-28T00:58:26Z">
          <params>
            <param index="0">
              <value>
                <![CDATA[[TestResult name=amazonTitle status=SUCCESS method=TestAmazonHome.amazonTitle()[pri:0, instance:home.TestAmazonHome@69d9c55] output={null}]]]>
              </value>
            </param>
          </params>
          <reporter-output>
          </reporter-output>
        </test-method> <!-- afterEachTestMethod -->
        <test-method status="PASS" signature="cleanUp()[pri:0, instance:home.TestAmazonHome@69d9c55]" name="cleanUp" is-config="true" duration-ms="0" started-at="2017-05-28T00:58:26Z" finished-at="2017-05-28T00:58:26Z">
          <reporter-output>
          </reporter-output>
        </test-method> <!-- cleanUp -->
        <test-method status="PASS" signature="generateReport()[pri:0, instance:home.TestAmazonHome@69d9c55]" name="generateReport" is-config="true" duration-ms="0" started-at="2017-05-28T00:59:16Z" finished-at="2017-05-28T00:59:16Z">
          <reporter-output>
          </reporter-output>
        </test-method> <!-- generateReport -->
      </class> <!-- home.TestAmazonHome -->
    </test> <!-- Amazon Home -->
  </suite> <!-- Amazon (0) -->
</testng-results>
