<?xml version="1.0" encoding="UTF-8"?>
<testng-results skipped="0" failed="0" ignored="4" total="8" passed="4">
  <reporter-output>
    <line>
      <![CDATA[Extent Report directory: C:\Users\Zahera\IdeaProjects4\automation-march2017\Amazon\target\surefire-reports\html]]>
    </line>
    <line>
      <![CDATA[Epic: Metro EC:1,2 <a https://peoplentch.atlassian.net/browse/GREEN-7> GREEN-7 </a>]]>
    </line>
    <line>
      <![CDATA[Launch local browser Instance]]>
    </line>
    <line>
      <![CDATA[SearchPage: get Data From Excel File And Search]]>
    </line>
    <line>
      <![CDATA[ItemsToBeSearched: get Data From Excel File]]>
    </line>
    <line>
      <![CDATA[SearchPage: search For :   Salmon]]>
    </line>
    <line>
      <![CDATA[SearchPage: clear Search Input]]>
    </line>
    <line>
      <![CDATA[SearchPage: search For :   Laptop]]>
    </line>
    <line>
      <![CDATA[SearchPage: clear Search Input]]>
    </line>
    <line>
      <![CDATA[SearchPage: search For :   Honey]]>
    </line>
    <line>
      <![CDATA[SearchPage: clear Search Input]]>
    </line>
    <line>
      <![CDATA[SearchPage: search For :   i Phone]]>
    </line>
    <line>
      <![CDATA[SearchPage: clear Search Input]]>
    </line>
    <line>
      <![CDATA[SearchPage: search For :   Books]]>
    </line>
    <line>
      <![CDATA[SearchPage: clear Search Input]]>
    </line>
    <line>
      <![CDATA[SearchPage: search For :   Selenium]]>
    </line>
    <line>
      <![CDATA[SearchPage: clear Search Input]]>
    </line>
    <line>
      <![CDATA[SearchPage: search For :   Lemon]]>
    </line>
    <line>
      <![CDATA[SearchPage: clear Search Input]]>
    </line>
    <line>
      <![CDATA[SearchPage: search For :   Tea]]>
    </line>
    <line>
      <![CDATA[SearchPage: clear Search Input]]>
    </line>
    <line>
      <![CDATA[SearchPage: search For :   Wine]]>
    </line>
    <line>
      <![CDATA[SearchPage: clear Search Input]]>
    </line>
    <line>
      <![CDATA[Epic: Metro EC:1,2 <a https://peoplentch.atlassian.net/browse/GREEN-7> GREEN-7 </a>]]>
    </line>
    <line>
      <![CDATA[Launch local browser Instance]]>
    </line>
    <line>
      <![CDATA[DropDownMenuPage: drop Down Search]]>
    </line>
    <line>
      <![CDATA[DropDownMenuPage: get Menus]]>
    </line>
    <line>
      <![CDATA[DropDownMenuPage: type On Input Search]]>
    </line>
    <line>
      <![CDATA[DropDownMenuPage: input]]>
    </line>
    <line>
      <![CDATA[DropDownMenuPage: clear Box]]>
    </line>
    <line>
      <![CDATA[DropDownMenuPage: input]]>
    </line>
    <line>
      <![CDATA[DropDownMenuPage: clear Box]]>
    </line>
    <line>
      <![CDATA[DropDownMenuPage: input]]>
    </line>
    <line>
      <![CDATA[DropDownMenuPage: clear Box]]>
    </line>
    <line>
      <![CDATA[DropDownMenuPage: input]]>
    </line>
    <line>
      <![CDATA[DropDownMenuPage: clear Box]]>
    </line>
    <line>
      <![CDATA[DropDownMenuPage: input]]>
    </line>
    <line>
      <![CDATA[DropDownMenuPage: clear Box]]>
    </line>
  </reporter-output>
  <suite name="Amazon" duration-ms="75935" started-at="2017-05-27T05:52:21Z" finished-at="2017-05-27T05:53:37Z">
    <groups>
    </groups>
    <test name="Amazon Home" duration-ms="75935" started-at="2017-05-27T05:52:21Z" finished-at="2017-05-27T05:53:37Z">
      <class name="searchitems.SearchItems">
        <test-method status="PASS" signature="extentSetup(org.testng.ITestContext)[pri:0, instance:searchitems.SearchItems@6615435c]" name="extentSetup" is-config="true" duration-ms="376" started-at="2017-05-27T01:52:21Z" finished-at="2017-05-27T01:52:21Z">
          <params>
            <param index="0">
              <value>
                <![CDATA[org.testng.TestRunner@551bdc27]]>
              </value>
            </param>
          </params>
          <reporter-output>
            <line>
              <![CDATA[Extent Report directory: C:\Users\Zahera\IdeaProjects4\automation-march2017\Amazon\target\surefire-reports\html]]>
            </line>
          </reporter-output>
        </test-method> <!-- extentSetup -->
        <test-method status="PASS" signature="setUp(boolean, java.lang.String, java.lang.String, java.lang.String, java.lang.String, java.lang.String, java.lang.String)[pri:0, instance:searchitems.SearchItems@6615435c]" name="setUp" is-config="true" duration-ms="12800" started-at="2017-05-27T01:52:21Z" finished-at="2017-05-27T01:52:34Z">
          <params>
            <param index="0">
              <value>
                <![CDATA[false]]>
              </value>
            </param>
            <param index="1">
              <value>
                <![CDATA[browserstack]]>
              </value>
            </param>
            <param index="2">
              <value>
                <![CDATA[Windows]]>
              </value>
            </param>
            <param index="3">
              <value>
                <![CDATA[10]]>
              </value>
            </param>
            <param index="4">
              <value>
                <![CDATA[firefox]]>
              </value>
            </param>
            <param index="5">
              <value>
                <![CDATA[53.0]]>
              </value>
            </param>
            <param index="6">
              <value>
                <![CDATA[http://amazon.com]]>
              </value>
            </param>
          </params>
          <reporter-output>
          </reporter-output>
        </test-method> <!-- setUp -->
        <test-method status="PASS" signature="startExtent(java.lang.reflect.Method)[pri:0, instance:searchitems.SearchItems@6615435c]" name="startExtent" is-config="true" duration-ms="8" started-at="2017-05-27T01:52:34Z" finished-at="2017-05-27T01:52:34Z">
          <params>
            <param index="0">
              <value>
                <![CDATA[public void searchitems.SearchItems.search() throws java.io.IOException,java.lang.InterruptedException]]>
              </value>
            </param>
          </params>
          <reporter-output>
          </reporter-output>
        </test-method> <!-- startExtent -->
        <test-method status="PASS" signature="search()[pri:0, instance:searchitems.SearchItems@6615435c]" name="search" duration-ms="28462" started-at="2017-05-27T01:52:34Z" finished-at="2017-05-27T01:53:03Z">
          <reporter-output>
            <line>
              <![CDATA[Epic: Metro EC:1,2 <a https://peoplentch.atlassian.net/browse/GREEN-7> GREEN-7 </a>]]>
            </line>
            <line>
              <![CDATA[Launch local browser Instance]]>
            </line>
            <line>
              <![CDATA[SearchPage: get Data From Excel File And Search]]>
            </line>
            <line>
              <![CDATA[ItemsToBeSearched: get Data From Excel File]]>
            </line>
            <line>
              <![CDATA[SearchPage: search For :   Salmon]]>
            </line>
            <line>
              <![CDATA[SearchPage: clear Search Input]]>
            </line>
            <line>
              <![CDATA[SearchPage: search For :   Laptop]]>
            </line>
            <line>
              <![CDATA[SearchPage: clear Search Input]]>
            </line>
            <line>
              <![CDATA[SearchPage: search For :   Honey]]>
            </line>
            <line>
              <![CDATA[SearchPage: clear Search Input]]>
            </line>
            <line>
              <![CDATA[SearchPage: search For :   i Phone]]>
            </line>
            <line>
              <![CDATA[SearchPage: clear Search Input]]>
            </line>
            <line>
              <![CDATA[SearchPage: search For :   Books]]>
            </line>
            <line>
              <![CDATA[SearchPage: clear Search Input]]>
            </line>
            <line>
              <![CDATA[SearchPage: search For :   Selenium]]>
            </line>
            <line>
              <![CDATA[SearchPage: clear Search Input]]>
            </line>
            <line>
              <![CDATA[SearchPage: search For :   Lemon]]>
            </line>
            <line>
              <![CDATA[SearchPage: clear Search Input]]>
            </line>
            <line>
              <![CDATA[SearchPage: search For :   Tea]]>
            </line>
            <line>
              <![CDATA[SearchPage: clear Search Input]]>
            </line>
            <line>
              <![CDATA[SearchPage: search For :   Wine]]>
            </line>
            <line>
              <![CDATA[SearchPage: clear Search Input]]>
            </line>
          </reporter-output>
        </test-method> <!-- search -->
        <test-method status="PASS" signature="afterEachTestMethod(org.testng.ITestResult)[pri:0, instance:searchitems.SearchItems@6615435c]" name="afterEachTestMethod" is-config="true" duration-ms="4208" started-at="2017-05-27T01:53:03Z" finished-at="2017-05-27T01:53:07Z">
          <params>
            <param index="0">
              <value>
                <![CDATA[[TestResult name=search status=SUCCESS method=SearchItems.search()[pri:0, instance:searchitems.SearchItems@6615435c] output=Epic: Metro EC:1,2 <a https://peoplentch.atlassian.net/browse/GREEN-7> GREEN-7 </a>]]]>
              </value>
            </param>
          </params>
          <reporter-output>
          </reporter-output>
        </test-method> <!-- afterEachTestMethod -->
        <test-method status="PASS" signature="cleanUp()[pri:0, instance:searchitems.SearchItems@6615435c]" name="cleanUp" is-config="true" duration-ms="0" started-at="2017-05-27T01:53:07Z" finished-at="2017-05-27T01:53:07Z">
          <reporter-output>
          </reporter-output>
        </test-method> <!-- cleanUp -->
        <test-method status="PASS" signature="generateReport()[pri:0, instance:searchitems.SearchItems@6615435c]" name="generateReport" is-config="true" duration-ms="55" started-at="2017-05-27T01:53:37Z" finished-at="2017-05-27T01:53:37Z">
          <reporter-output>
          </reporter-output>
        </test-method> <!-- generateReport -->
      </class> <!-- searchitems.SearchItems -->
      <class name="searchitems.DropDownMenuSearch">
        <test-method status="PASS" signature="setUp(boolean, java.lang.String, java.lang.String, java.lang.String, java.lang.String, java.lang.String, java.lang.String)[pri:0, instance:searchitems.DropDownMenuSearch@4909b8da]" name="setUp" is-config="true" duration-ms="8333" started-at="2017-05-27T01:53:07Z" finished-at="2017-05-27T01:53:15Z">
          <params>
            <param index="0">
              <value>
                <![CDATA[false]]>
              </value>
            </param>
            <param index="1">
              <value>
                <![CDATA[browserstack]]>
              </value>
            </param>
            <param index="2">
              <value>
                <![CDATA[Windows]]>
              </value>
            </param>
            <param index="3">
              <value>
                <![CDATA[10]]>
              </value>
            </param>
            <param index="4">
              <value>
                <![CDATA[firefox]]>
              </value>
            </param>
            <param index="5">
              <value>
                <![CDATA[53.0]]>
              </value>
            </param>
            <param index="6">
              <value>
                <![CDATA[http://amazon.com]]>
              </value>
            </param>
          </params>
          <reporter-output>
          </reporter-output>
        </test-method> <!-- setUp -->
        <test-method status="PASS" signature="searchMenu()[pri:0, instance:searchitems.DropDownMenuSearch@4909b8da]" name="searchMenu" duration-ms="19305" started-at="2017-05-27T01:53:15Z" finished-at="2017-05-27T01:53:34Z">
          <reporter-output>
            <line>
              <![CDATA[Epic: Metro EC:1,2 <a https://peoplentch.atlassian.net/browse/GREEN-7> GREEN-7 </a>]]>
            </line>
            <line>
              <![CDATA[Launch local browser Instance]]>
            </line>
            <line>
              <![CDATA[DropDownMenuPage: drop Down Search]]>
            </line>
            <line>
              <![CDATA[DropDownMenuPage: get Menus]]>
            </line>
            <line>
              <![CDATA[DropDownMenuPage: type On Input Search]]>
            </line>
            <line>
              <![CDATA[DropDownMenuPage: input]]>
            </line>
            <line>
              <![CDATA[DropDownMenuPage: clear Box]]>
            </line>
            <line>
              <![CDATA[DropDownMenuPage: input]]>
            </line>
            <line>
              <![CDATA[DropDownMenuPage: clear Box]]>
            </line>
            <line>
              <![CDATA[DropDownMenuPage: input]]>
            </line>
            <line>
              <![CDATA[DropDownMenuPage: clear Box]]>
            </line>
            <line>
              <![CDATA[DropDownMenuPage: input]]>
            </line>
            <line>
              <![CDATA[DropDownMenuPage: clear Box]]>
            </line>
            <line>
              <![CDATA[DropDownMenuPage: input]]>
            </line>
            <line>
              <![CDATA[DropDownMenuPage: clear Box]]>
            </line>
          </reporter-output>
        </test-method> <!-- searchMenu -->
        <test-method status="PASS" signature="startExtent(java.lang.reflect.Method)[pri:0, instance:searchitems.DropDownMenuSearch@4909b8da]" name="startExtent" is-config="true" duration-ms="0" started-at="2017-05-27T01:53:15Z" finished-at="2017-05-27T01:53:15Z">
          <params>
            <param index="0">
              <value>
                <![CDATA[public void searchitems.DropDownMenuSearch.searchMenu() throws java.lang.InterruptedException]]>
              </value>
            </param>
          </params>
          <reporter-output>
          </reporter-output>
        </test-method> <!-- startExtent -->
        <test-method status="PASS" signature="afterEachTestMethod(org.testng.ITestResult)[pri:0, instance:searchitems.DropDownMenuSearch@4909b8da]" name="afterEachTestMethod" is-config="true" duration-ms="2803" started-at="2017-05-27T01:53:34Z" finished-at="2017-05-27T01:53:37Z">
          <params>
            <param index="0">
              <value>
                <![CDATA[[TestResult name=searchMenu status=SUCCESS method=DropDownMenuSearch.searchMenu()[pri:0, instance:searchitems.DropDownMenuSearch@4909b8da] output=Epic: Metro EC:1,2 <a https://peoplentch.atlassian.net/browse/GREEN-7> GREEN-7 </a>]]]>
              </value>
            </param>
          </params>
          <reporter-output>
          </reporter-output>
        </test-method> <!-- afterEachTestMethod -->
        <test-method status="PASS" signature="cleanUp()[pri:0, instance:searchitems.DropDownMenuSearch@4909b8da]" name="cleanUp" is-config="true" duration-ms="0" started-at="2017-05-27T01:53:37Z" finished-at="2017-05-27T01:53:37Z">
          <reporter-output>
          </reporter-output>
        </test-method> <!-- cleanUp -->
      </class> <!-- searchitems.DropDownMenuSearch -->
    </test> <!-- Amazon Home -->
  </suite> <!-- Amazon -->
  <suite name="Amazon (0)" duration-ms="44434" started-at="2017-05-27T05:53:37Z" finished-at="2017-05-27T05:54:22Z">
    <groups>
    </groups>
    <test name="Amazon Home" duration-ms="44434" started-at="2017-05-27T05:53:37Z" finished-at="2017-05-27T05:54:22Z">
      <class name="home.SearchItems">
        <test-method status="PASS" signature="setUp(boolean, java.lang.String, java.lang.String, java.lang.String, java.lang.String, java.lang.String, java.lang.String)[pri:0, instance:home.SearchItems@26f67b76]" name="setUp" is-config="true" duration-ms="6238" started-at="2017-05-27T01:54:01Z" finished-at="2017-05-27T01:54:07Z">
          <params>
            <param index="0">
              <value>
                <![CDATA[true]]>
              </value>
            </param>
            <param index="1">
              <value>
                <![CDATA[browserstack]]>
              </value>
            </param>
            <param index="2">
              <value>
                <![CDATA[OS X]]>
              </value>
            </param>
            <param index="3">
              <value>
                <![CDATA[Sierra]]>
              </value>
            </param>
            <param index="4">
              <value>
                <![CDATA[firefox]]>
              </value>
            </param>
            <param index="5">
              <value>
                <![CDATA[53.0]]>
              </value>
            </param>
            <param index="6">
              <value>
                <![CDATA[http://amazon.com]]>
              </value>
            </param>
          </params>
          <reporter-output>
          </reporter-output>
        </test-method> <!-- setUp -->
        <test-method status="PASS" signature="startExtent(java.lang.reflect.Method)[pri:0, instance:home.SearchItems@26f67b76]" name="startExtent" is-config="true" duration-ms="0" started-at="2017-05-27T01:54:07Z" finished-at="2017-05-27T01:54:07Z">
          <params>
            <param index="0">
              <value>
                <![CDATA[public void home.SearchItems.serach()]]>
              </value>
            </param>
          </params>
          <reporter-output>
          </reporter-output>
        </test-method> <!-- startExtent -->
        <test-method status="PASS" signature="serach()[pri:0, instance:home.SearchItems@26f67b76]" name="serach" duration-ms="608" started-at="2017-05-27T01:54:07Z" finished-at="2017-05-27T01:54:08Z">
          <reporter-output>
          </reporter-output>
        </test-method> <!-- serach -->
        <test-method status="PASS" signature="afterEachTestMethod(org.testng.ITestResult)[pri:0, instance:home.SearchItems@26f67b76]" name="afterEachTestMethod" is-config="true" duration-ms="14155" started-at="2017-05-27T01:54:08Z" finished-at="2017-05-27T01:54:22Z">
          <params>
            <param index="0">
              <value>
                <![CDATA[[TestResult name=serach status=SUCCESS method=SearchItems.serach()[pri:0, instance:home.SearchItems@26f67b76] output={null}]]]>
              </value>
            </param>
          </params>
          <reporter-output>
          </reporter-output>
        </test-method> <!-- afterEachTestMethod -->
        <test-method status="PASS" signature="cleanUp()[pri:0, instance:home.SearchItems@26f67b76]" name="cleanUp" is-config="true" duration-ms="1" started-at="2017-05-27T01:54:22Z" finished-at="2017-05-27T01:54:22Z">
          <reporter-output>
          </reporter-output>
        </test-method> <!-- cleanUp -->
      </class> <!-- home.SearchItems -->
      <class name="home.TestAmazonHome">
        <test-method status="PASS" signature="extentSetup(org.testng.ITestContext)[pri:0, instance:home.TestAmazonHome@97e1986]" name="extentSetup" is-config="true" duration-ms="1" started-at="2017-05-27T01:53:37Z" finished-at="2017-05-27T01:53:37Z">
          <params>
            <param index="0">
              <value>
                <![CDATA[org.testng.TestRunner@58fdd99]]>
              </value>
            </param>
          </params>
          <reporter-output>
          </reporter-output>
        </test-method> <!-- extentSetup -->
        <test-method status="PASS" signature="setUp(boolean, java.lang.String, java.lang.String, java.lang.String, java.lang.String, java.lang.String, java.lang.String)[pri:0, instance:home.TestAmazonHome@97e1986]" name="setUp" is-config="true" duration-ms="7329" started-at="2017-05-27T01:53:37Z" finished-at="2017-05-27T01:53:45Z">
          <params>
            <param index="0">
              <value>
                <![CDATA[true]]>
              </value>
            </param>
            <param index="1">
              <value>
                <![CDATA[browserstack]]>
              </value>
            </param>
            <param index="2">
              <value>
                <![CDATA[OS X]]>
              </value>
            </param>
            <param index="3">
              <value>
                <![CDATA[Sierra]]>
              </value>
            </param>
            <param index="4">
              <value>
                <![CDATA[firefox]]>
              </value>
            </param>
            <param index="5">
              <value>
                <![CDATA[53.0]]>
              </value>
            </param>
            <param index="6">
              <value>
                <![CDATA[http://amazon.com]]>
              </value>
            </param>
          </params>
          <reporter-output>
          </reporter-output>
        </test-method> <!-- setUp -->
        <test-method status="PASS" signature="amazonTitle()[pri:0, instance:home.TestAmazonHome@97e1986]" name="amazonTitle" duration-ms="277" started-at="2017-05-27T01:53:45Z" finished-at="2017-05-27T01:53:45Z">
          <reporter-output>
          </reporter-output>
        </test-method> <!-- amazonTitle -->
        <test-method status="PASS" signature="startExtent(java.lang.reflect.Method)[pri:0, instance:home.TestAmazonHome@97e1986]" name="startExtent" is-config="true" duration-ms="0" started-at="2017-05-27T01:53:45Z" finished-at="2017-05-27T01:53:45Z">
          <params>
            <param index="0">
              <value>
                <![CDATA[public void home.TestAmazonHome.amazonTitle()]]>
              </value>
            </param>
          </params>
          <reporter-output>
          </reporter-output>
        </test-method> <!-- startExtent -->
        <test-method status="PASS" signature="afterEachTestMethod(org.testng.ITestResult)[pri:0, instance:home.TestAmazonHome@97e1986]" name="afterEachTestMethod" is-config="true" duration-ms="15824" started-at="2017-05-27T01:53:45Z" finished-at="2017-05-27T01:54:01Z">
          <params>
            <param index="0">
              <value>
                <![CDATA[[TestResult name=amazonTitle status=SUCCESS method=TestAmazonHome.amazonTitle()[pri:0, instance:home.TestAmazonHome@97e1986] output={null}]]]>
              </value>
            </param>
          </params>
          <reporter-output>
          </reporter-output>
        </test-method> <!-- afterEachTestMethod -->
        <test-method status="PASS" signature="cleanUp()[pri:0, instance:home.TestAmazonHome@97e1986]" name="cleanUp" is-config="true" duration-ms="1" started-at="2017-05-27T01:54:01Z" finished-at="2017-05-27T01:54:01Z">
          <reporter-output>
          </reporter-output>
        </test-method> <!-- cleanUp -->
        <test-method status="PASS" signature="generateReport()[pri:0, instance:home.TestAmazonHome@97e1986]" name="generateReport" is-config="true" duration-ms="0" started-at="2017-05-27T01:54:22Z" finished-at="2017-05-27T01:54:22Z">
          <reporter-output>
          </reporter-output>
        </test-method> <!-- generateReport -->
      </class> <!-- home.TestAmazonHome -->
    </test> <!-- Amazon Home -->
  </suite> <!-- Amazon (0) -->
</testng-results>
