<?xml version="1.0" encoding="UTF-8"?>
<!-- Generated by org.testng.reporters.JUnitXMLReporter -->
<testsuite hostname="LAPTOP-676QHSS3" ignored="14" name="Costco Home" tests="8" failures="0" timestamp="27 May 2017 05:56:30 GMT" time="124.971" errors="0">
  <testcase name="appliancesView" time="4.919" classname="appliances.Appliances"/>
  <testcase name="Washers" time="6.171" classname="appliances.Appliances_Washers"/>
  <testcase name="computersView" time="4.474" classname="computers.Computers"/>
  <testcase name="electronicsView" time="5.649" classname="electronics.Electronics"/>
  <testcase name="Cameras" time="2.737" classname="electronics.Electronics_Cameras"/>
  <testcase name="furnitureView" time="5.417" classname="furniture.Furniture"/>
  <testcase name="DiningRoom" time="1.653" classname="furniture.Furniture_DiningRoom"/>
  <testcase name="LivingRoom" time="5.984" classname="furniture.Furniture_LivingRoom"/>
  <testcase name="@BeforeSuite extentSetup" time="0.0" classname="base.CommonAPI">
    <ignored/>
  </testcase> <!-- @BeforeSuite extentSetup -->
  <testcase name="@BeforeSuite extentSetup" time="0.0" classname="base.CommonAPI">
    <ignored/>
  </testcase> <!-- @BeforeSuite extentSetup -->
  <testcase name="@BeforeSuite extentSetup" time="0.0" classname="base.CommonAPI">
    <ignored/>
  </testcase> <!-- @BeforeSuite extentSetup -->
  <testcase name="@BeforeSuite extentSetup" time="0.0" classname="base.CommonAPI">
    <ignored/>
  </testcase> <!-- @BeforeSuite extentSetup -->
  <testcase name="@BeforeSuite extentSetup" time="0.0" classname="base.CommonAPI">
    <ignored/>
  </testcase> <!-- @BeforeSuite extentSetup -->
  <testcase name="@BeforeSuite extentSetup" time="0.0" classname="base.CommonAPI">
    <ignored/>
  </testcase> <!-- @BeforeSuite extentSetup -->
  <testcase name="@BeforeSuite extentSetup" time="0.0" classname="base.CommonAPI">
    <ignored/>
  </testcase> <!-- @BeforeSuite extentSetup -->
  <testcase name="@AfterSuite generateReport" time="0.0" classname="base.CommonAPI">
    <ignored/>
  </testcase> <!-- @AfterSuite generateReport -->
  <testcase name="@AfterSuite generateReport" time="0.0" classname="base.CommonAPI">
    <ignored/>
  </testcase> <!-- @AfterSuite generateReport -->
  <testcase name="@AfterSuite generateReport" time="0.0" classname="base.CommonAPI">
    <ignored/>
  </testcase> <!-- @AfterSuite generateReport -->
  <testcase name="@AfterSuite generateReport" time="0.0" classname="base.CommonAPI">
    <ignored/>
  </testcase> <!-- @AfterSuite generateReport -->
  <testcase name="@AfterSuite generateReport" time="0.0" classname="base.CommonAPI">
    <ignored/>
  </testcase> <!-- @AfterSuite generateReport -->
  <testcase name="@AfterSuite generateReport" time="0.0" classname="base.CommonAPI">
    <ignored/>
  </testcase> <!-- @AfterSuite generateReport -->
  <testcase name="@AfterSuite generateReport" time="0.0" classname="base.CommonAPI">
    <ignored/>
  </testcase> <!-- @AfterSuite generateReport -->
</testsuite> <!-- Costco Home -->
