<?xml version="1.0" encoding="UTF-8"?>
<!-- Generated by org.testng.reporters.JUnitReportReporter -->
<testsuite skipped="0" hostname="LAPTOP-676QHSS3" name="furniture.Furniture_DiningRoom" tests="2" failures="0" timestamp="27 May 2017 15:49:42 GMT" time="47.311" errors="0">
  <testcase name="DiningRoom" time="22.962" classname="furniture.Furniture_DiningRoom"/>
  <testcase name="DiningRoom" time="24.349" classname="furniture.Furniture_DiningRoom"/>
</testsuite> <!-- furniture.Furniture_DiningRoom -->
