<?xml version="1.0" encoding="UTF-8"?>
<!-- Generated by org.testng.reporters.JUnitReportReporter -->
<testsuite skipped="0" hostname="LAPTOP-676QHSS3" name="electronics.Electronics_Cameras" tests="2" failures="0" timestamp="27 May 2017 15:49:42 GMT" time="46.546" errors="0">
  <testcase name="Cameras" time="22.793" classname="electronics.Electronics_Cameras"/>
  <testcase name="Cameras" time="23.753" classname="electronics.Electronics_Cameras"/>
</testsuite> <!-- electronics.Electronics_Cameras -->
