<?xml version="1.0" encoding="UTF-8"?>
<!-- Generated by org.testng.reporters.JUnitReportReporter -->
<testsuite skipped="0" hostname="LAPTOP-676QHSS3" name="furniture.Furniture_DiningRoom" tests="2" failures="0" timestamp="28 May 2017 05:07:21 GMT" time="117.457" errors="0">
  <testcase name="DiningRoom" time="19.566" classname="furniture.Furniture_DiningRoom"/>
  <testcase name="DiningRoom" time="97.891" classname="furniture.Furniture_DiningRoom"/>
</testsuite> <!-- furniture.Furniture_DiningRoom -->
