<?xml version="1.0" encoding="UTF-8"?>
<!-- Generated by org.testng.reporters.JUnitReportReporter -->
<testsuite skipped="0" hostname="LAPTOP-676QHSS3" name="furniture.Furniture_LivingRoom" tests="2" failures="0" timestamp="28 May 2017 05:07:21 GMT" time="53.224" errors="0">
  <testcase name="LivingRoom" time="30.836" classname="furniture.Furniture_LivingRoom"/>
  <testcase name="LivingRoom" time="22.388" classname="furniture.Furniture_LivingRoom"/>
</testsuite> <!-- furniture.Furniture_LivingRoom -->
