<?xml version="1.0" encoding="UTF-8"?>
<!-- Generated by org.testng.reporters.JUnitReportReporter -->
<testsuite skipped="0" hostname="LAPTOP-676QHSS3" name="furniture.Furniture_LivingRoom" tests="2" failures="0" timestamp="27 May 2017 15:49:42 GMT" time="51.870" errors="0">
  <testcase name="LivingRoom" time="24.327" classname="furniture.Furniture_LivingRoom"/>
  <testcase name="LivingRoom" time="27.543" classname="furniture.Furniture_LivingRoom"/>
</testsuite> <!-- furniture.Furniture_LivingRoom -->
