<?xml version="1.0" encoding="UTF-8"?>
<!-- Generated by org.testng.reporters.JUnitReportReporter -->
<testsuite skipped="0" hostname="LAPTOP-676QHSS3" name="electronics.Electronics_Cameras" tests="2" failures="0" timestamp="28 May 2017 05:07:21 GMT" time="47.908" errors="0">
  <testcase name="Cameras" time="25.360" classname="electronics.Electronics_Cameras"/>
  <testcase name="Cameras" time="22.548" classname="electronics.Electronics_Cameras"/>
</testsuite> <!-- electronics.Electronics_Cameras -->
