<?xml version="1.0" encoding="UTF-8"?>
<!-- Generated by org.testng.reporters.JUnitXMLReporter -->
<testsuite hostname="LAPTOP-676QHSS3" ignored="2" name="Amazon Home" tests="2" failures="0" timestamp="27 May 2017 05:54:22 GMT" time="44.434" errors="0">
  <testcase name="amazonTitle" time="0.277" classname="home.TestAmazonHome"/>
  <testcase name="serach" time="0.608" classname="home.SearchItems"/>
  <testcase name="@AfterSuite generateReport" time="0.0" classname="base.CommonAPI">
    <ignored/>
  </testcase> <!-- @AfterSuite generateReport -->
  <testcase name="@BeforeSuite extentSetup" time="0.0" classname="base.CommonAPI">
    <ignored/>
  </testcase> <!-- @BeforeSuite extentSetup -->
</testsuite> <!-- Amazon Home -->
