<?xml version="1.0" encoding="UTF-8"?>
<!-- Generated by org.testng.reporters.JUnitXMLReporter -->
<testsuite hostname="LAPTOP-676QHSS3" ignored="2" name="Amazon Home" tests="2" failures="0" timestamp="28 May 2017 04:58:05 GMT" time="85.437" errors="0">
  <testcase name="search" time="27.491" classname="searchitems.SearchItems"/>
  <testcase name="searchMenu" time="18.056" classname="searchitems.DropDownMenuSearch"/>
  <testcase name="@AfterSuite generateReport" time="0.0" classname="base.CommonAPI">
    <ignored/>
  </testcase> <!-- @AfterSuite generateReport -->
  <testcase name="@BeforeSuite extentSetup" time="0.0" classname="base.CommonAPI">
    <ignored/>
  </testcase> <!-- @BeforeSuite extentSetup -->
</testsuite> <!-- Amazon Home -->
