<?xml version="1.0" encoding="UTF-8"?>
<!-- Generated by org.testng.reporters.JUnitXMLReporter -->
<testsuite hostname="LAPTOP-676QHSS3" ignored="2" name="Amazon Home" tests="2" failures="0" timestamp="27 May 2017 05:53:37 GMT" time="75.935" errors="0">
  <testcase name="search" time="28.462" classname="searchitems.SearchItems"/>
  <testcase name="searchMenu" time="19.305" classname="searchitems.DropDownMenuSearch"/>
  <testcase name="@AfterSuite generateReport" time="0.0" classname="base.CommonAPI">
    <ignored/>
  </testcase> <!-- @AfterSuite generateReport -->
  <testcase name="@BeforeSuite extentSetup" time="0.0" classname="base.CommonAPI">
    <ignored/>
  </testcase> <!-- @BeforeSuite extentSetup -->
</testsuite> <!-- Amazon Home -->
